<?xml version="1.0" encoding="UTF-8"?>
<!-- Generated by org.testng.reporters.JUnitXMLReporter -->
<testsuite ignored="0" hostname="LAPTOP-8F9NTEC1" failures="1" tests="1" name="Default test" time="9.172" errors="0" timestamp="2023-12-30T20:40:29 IST">
  <testcase classname="com.actitime.testscript.CustomerModule" name="testCreateCustomer" time="3.516">
    <failure type="java.lang.StackOverflowError">
      <![CDATA[java.lang.StackOverflowError
at com.actitime.pom.TaskListPage.getNewCustomerOption(TaskListPage.java:41)
at com.actitime.pom.TaskListPage.getNewCustomerOption(TaskListPage.java:41)
at com.actitime.pom.TaskListPage.getNewCustomerOption(TaskListPage.java:41)
at com.actitime.pom.TaskListPage.getNewCustomerOption(TaskListPage.java:41)
at com.actitime.pom.TaskListPage.getNewCustomerOption(TaskListPage.java:41)
at com.actitime.pom.TaskListPage.getNewCustomerOption(TaskListPage.java:41)
at com.actitime.pom.TaskListPage.getNewCustomerOption(TaskListPage.java:41)
at com.actitime.pom.TaskListPage.getNewCustomerOption(TaskListPage.java:41)
at com.actitime.pom.TaskListPage.getNewCustomerOption(TaskListPage.java:41)
at com.actitime.pom.TaskListPage.getNewCustomerOption(TaskListPage.java:41)
at com.actitime.pom.TaskListPage.getNewCustomerOption(TaskListPage.java:41)
at com.actitime.pom.TaskListPage.getNewCustomerOption(TaskListPage.java:41)
at com.actitime.pom.TaskListPage.getNewCustomerOption(TaskListPage.java:41)
at com.actitime.pom.TaskListPage.getNewCustomerOption(TaskListPage.java:41)
at com.actitime.pom.TaskListPage.getNewCustomerOption(TaskListPage.java:41)
at com.actitime.pom.TaskListPage.getNewCustomerOption(TaskListPage.java:41)
at com.actitime.pom.TaskListPage.getNewCustomerOption(TaskListPage.java:41)
at com.actitime.pom.TaskListPage.getNewCustomerOption(TaskListPage.java:41)
at com.actitime.pom.TaskListPage.getNewCustomerOption(TaskListPage.java:41)
at com.actitime.pom.TaskListPage.getNewCustomerOption(TaskListPage.java:41)
at com.actitime.pom.TaskListPage.getNewCustomerOption(TaskListPage.java:41)
at com.actitime.pom.TaskListPage.getNewCustomerOption(TaskListPage.java:41)
at com.actitime.pom.TaskListPage.getNewCustomerOption(TaskListPage.java:41)
at com.actitime.pom.TaskListPage.getNewCustomerOption(TaskListPage.java:41)
at com.actitime.pom.TaskListPage.getNewCustomerOption(TaskListPage.java:41)
at com.actitime.pom.TaskListPage.getNewCustomerOption(TaskListPage.java:41)
at com.actitime.pom.TaskListPage.getNewCustomerOption(TaskListPage.java:41)
at com.actitime.pom.TaskListPage.getNewCustomerOption(TaskListPage.java:41)
at com.actitime.pom.TaskListPage.getNewCustomerOption(TaskListPage.java:41)
at com.actitime.pom.TaskListPage.getNewCustomerOption(TaskListPage.java:41)
at com.actitime.pom.TaskListPage.getNewCustomerOption(TaskListPage.java:41)
at com.actitime.pom.TaskListPage.getNewCustomerOption(TaskListPage.java:41)
at com.actitime.pom.TaskListPage.getNewCustomerOption(TaskListPage.java:41)
at com.actitime.pom.TaskListPage.getNewCustomerOption(TaskListPage.java:41)
at com.actitime.pom.TaskListPage.getNewCustomerOption(TaskListPage.java:41)
at com.actitime.pom.TaskListPage.getNewCustomerOption(TaskListPage.java:41)
at com.actitime.pom.TaskListPage.getNewCustomerOption(TaskListPage.java:41)
at com.actitime.pom.TaskListPage.getNewCustomerOption(TaskListPage.java:41)
at com.actitime.pom.TaskListPage.getNewCustomerOption(TaskListPage.java:41)
at com.actitime.pom.TaskListPage.getNewCustomerOption(TaskListPage.java:41)
at com.actitime.pom.TaskListPage.getNewCustomerOption(TaskListPage.java:41)
at com.actitime.pom.TaskListPage.getNewCustomerOption(TaskListPage.java:41)
at com.actitime.pom.TaskListPage.getNewCustomerOption(TaskListPage.java:41)
at com.actitime.pom.TaskListPage.getNewCustomerOption(TaskListPage.java:41)
at com.actitime.pom.TaskListPage.getNewCustomerOption(TaskListPage.java:41)
at com.actitime.pom.TaskListPage.getNewCustomerOption(TaskListPage.java:41)
at com.actitime.pom.TaskListPage.getNewCustomerOption(TaskListPage.java:41)
at com.actitime.pom.TaskListPage.getNewCustomerOption(TaskListPage.java:41)
at com.actitime.pom.TaskListPage.getNewCustomerOption(TaskListPage.java:41)
at com.actitime.pom.TaskListPage.getNewCustomerOption(TaskListPage.java:41)
at com.actitime.pom.TaskListPage.getNewCustomerOption(TaskListPage.java:41)
at com.actitime.pom.TaskListPage.getNewCustomerOption(TaskListPage.java:41)
at com.actitime.pom.TaskListPage.getNewCustomerOption(TaskListPage.java:41)
at com.actitime.pom.TaskListPage.getNewCustomerOption(TaskListPage.java:41)
at com.actitime.pom.TaskListPage.getNewCustomerOption(TaskListPage.java:41)
at com.actitime.pom.TaskListPage.getNewCustomerOption(TaskListPage.java:41)
at com.actitime.pom.TaskListPage.getNewCustomerOption(TaskListPage.java:41)
at com.actitime.pom.TaskListPage.getNewCustomerOption(TaskListPage.java:41)
at com.actitime.pom.TaskListPage.getNewCustomerOption(TaskListPage.java:41)
at com.actitime.pom.TaskListPage.getNewCustomerOption(TaskListPage.java:41)
at com.actitime.pom.TaskListPage.getNewCustomerOption(TaskListPage.java:41)
at com.actitime.pom.TaskListPage.getNewCustomerOption(TaskListPage.java:41)
at com.actitime.pom.TaskListPage.getNewCustomerOption(TaskListPage.java:41)
at com.actitime.pom.TaskListPage.getNewCustomerOption(TaskListPage.java:41)
at com.actitime.pom.TaskListPage.getNewCustomerOption(TaskListPage.java:41)
at com.actitime.pom.TaskListPage.getNewCustomerOption(TaskListPage.java:41)
at com.actitime.pom.TaskListPage.getNewCustomerOption(TaskListPage.java:41)
at com.actitime.pom.TaskListPage.getNewCustomerOption(TaskListPage.java:41)
at com.actitime.pom.TaskListPage.getNewCustomerOption(TaskListPage.java:41)
at com.actitime.pom.TaskListPage.getNewCustomerOption(TaskListPage.java:41)
at com.actitime.pom.TaskListPage.getNewCustomerOption(TaskListPage.java:41)
at com.actitime.pom.TaskListPage.getNewCustomerOption(TaskListPage.java:41)
at com.actitime.pom.TaskListPage.getNewCustomerOption(TaskListPage.java:41)
at com.actitime.pom.TaskListPage.getNewCustomerOption(TaskListPage.java:41)
at com.actitime.pom.TaskListPage.getNewCustomerOption(TaskListPage.java:41)
at com.actitime.pom.TaskListPage.getNewCustomerOption(TaskListPage.java:41)
at com.actitime.pom.TaskListPage.getNewCustomerOption(TaskListPage.java:41)
at com.actitime.pom.TaskListPage.getNewCustomerOption(TaskListPage.java:41)
at com.actitime.pom.TaskListPage.getNewCustomerOption(TaskListPage.java:41)
at com.actitime.pom.TaskListPage.getNewCustomerOption(TaskListPage.java:41)
at com.actitime.pom.TaskListPage.getNewCustomerOption(TaskListPage.java:41)
at com.actitime.pom.TaskListPage.getNewCustomerOption(TaskListPage.java:41)
at com.actitime.pom.TaskListPage.getNewCustomerOption(TaskListPage.java:41)
at com.actitime.pom.TaskListPage.getNewCustomerOption(TaskListPage.java:41)
at com.actitime.pom.TaskListPage.getNewCustomerOption(TaskListPage.java:41)
at com.actitime.pom.TaskListPage.getNewCustomerOption(TaskListPage.java:41)
at com.actitime.pom.TaskListPage.getNewCustomerOption(TaskListPage.java:41)
at com.actitime.pom.TaskListPage.getNewCustomerOption(TaskListPage.java:41)
at com.actitime.pom.TaskListPage.getNewCustomerOption(TaskListPage.java:41)
at com.actitime.pom.TaskListPage.getNewCustomerOption(TaskListPage.java:41)
at com.actitime.pom.TaskListPage.getNewCustomerOption(TaskListPage.java:41)
at com.actitime.pom.TaskListPage.getNewCustomerOption(TaskListPage.java:41)
at com.actitime.pom.TaskListPage.getNewCustomerOption(TaskListPage.java:41)
at com.actitime.pom.TaskListPage.getNewCustomerOption(TaskListPage.java:41)
at com.actitime.pom.TaskListPage.getNewCustomerOption(TaskListPage.java:41)
at com.actitime.pom.TaskListPage.getNewCustomerOption(TaskListPage.java:41)
at com.actitime.pom.TaskListPage.getNewCustomerOption(TaskListPage.java:41)
at com.actitime.pom.TaskListPage.getNewCustomerOption(TaskListPage.java:41)
at com.actitime.pom.TaskListPage.getNewCustomerOption(TaskListPage.java:41)
at com.actitime.pom.TaskListPage.getNewCustomerOption(TaskListPage.java:41)
at com.actitime.pom.TaskListPage.getNewCustomerOption(TaskListPage.java:41)
at com.actitime.pom.TaskListPage.getNewCustomerOption(TaskListPage.java:41)
at com.actitime.pom.TaskListPage.getNewCustomerOption(TaskListPage.java:41)
at com.actitime.pom.TaskListPage.getNewCustomerOption(TaskListPage.java:41)
at com.actitime.pom.TaskListPage.getNewCustomerOption(TaskListPage.java:41)
at com.actitime.pom.TaskListPage.getNewCustomerOption(TaskListPage.java:41)
at com.actitime.pom.TaskListPage.getNewCustomerOption(TaskListPage.java:41)
at com.actitime.pom.TaskListPage.getNewCustomerOption(TaskListPage.java:41)
at com.actitime.pom.TaskListPage.getNewCustomerOption(TaskListPage.java:41)
at com.actitime.pom.TaskListPage.getNewCustomerOption(TaskListPage.java:41)
at com.actitime.pom.TaskListPage.getNewCustomerOption(TaskListPage.java:41)
at com.actitime.pom.TaskListPage.getNewCustomerOption(TaskListPage.java:41)
at com.actitime.pom.TaskListPage.getNewCustomerOption(TaskListPage.java:41)
at com.actitime.pom.TaskListPage.getNewCustomerOption(TaskListPage.java:41)
at com.actitime.pom.TaskListPage.getNewCustomerOption(TaskListPage.java:41)
at com.actitime.pom.TaskListPage.getNewCustomerOption(TaskListPage.java:41)
at com.actitime.pom.TaskListPage.getNewCustomerOption(TaskListPage.java:41)
at com.actitime.pom.TaskListPage.getNewCustomerOption(TaskListPage.java:41)
at com.actitime.pom.TaskListPage.getNewCustomerOption(TaskListPage.java:41)
at com.actitime.pom.TaskListPage.getNewCustomerOption(TaskListPage.java:41)
at com.actitime.pom.TaskListPage.getNewCustomerOption(TaskListPage.java:41)
at com.actitime.pom.TaskListPage.getNewCustomerOption(TaskListPage.java:41)
at com.actitime.pom.TaskListPage.getNewCustomerOption(TaskListPage.java:41)
at com.actitime.pom.TaskListPage.getNewCustomerOption(TaskListPage.java:41)
at com.actitime.pom.TaskListPage.getNewCustomerOption(TaskListPage.java:41)
at com.actitime.pom.TaskListPage.getNewCustomerOption(TaskListPage.java:41)
at com.actitime.pom.TaskListPage.getNewCustomerOption(TaskListPage.java:41)
at com.actitime.pom.TaskListPage.getNewCustomerOption(TaskListPage.java:41)
at com.actitime.pom.TaskListPage.getNewCustomerOption(TaskListPage.java:41)
at com.actitime.pom.TaskListPage.getNewCustomerOption(TaskListPage.java:41)
at com.actitime.pom.TaskListPage.getNewCustomerOption(TaskListPage.java:41)
at com.actitime.pom.TaskListPage.getNewCustomerOption(TaskListPage.java:41)
at com.actitime.pom.TaskListPage.getNewCustomerOption(TaskListPage.java:41)
at com.actitime.pom.TaskListPage.getNewCustomerOption(TaskListPage.java:41)
at com.actitime.pom.TaskListPage.getNewCustomerOption(TaskListPage.java:41)
at com.actitime.pom.TaskListPage.getNewCustomerOption(TaskListPage.java:41)
at com.actitime.pom.TaskListPage.getNewCustomerOption(TaskListPage.java:41)
at com.actitime.pom.TaskListPage.getNewCustomerOption(TaskListPage.java:41)
at com.actitime.pom.TaskListPage.getNewCustomerOption(TaskListPage.java:41)
at com.actitime.pom.TaskListPage.getNewCustomerOption(TaskListPage.java:41)
at com.actitime.pom.TaskListPage.getNewCustomerOption(TaskListPage.java:41)
at com.actitime.pom.TaskListPage.getNewCustomerOption(TaskListPage.java:41)
at com.actitime.pom.TaskListPage.getNewCustomerOption(TaskListPage.java:41)
at com.actitime.pom.TaskListPage.getNewCustomerOption(TaskListPage.java:41)
at com.actitime.pom.TaskListPage.getNewCustomerOption(TaskListPage.java:41)
at com.actitime.pom.TaskListPage.getNewCustomerOption(TaskListPage.java:41)
at com.actitime.pom.TaskListPage.getNewCustomerOption(TaskListPage.java:41)
at com.actitime.pom.TaskListPage.getNewCustomerOption(TaskListPage.java:41)
at com.actitime.pom.TaskListPage.getNewCustomerOption(TaskListPage.java:41)
at com.actitime.pom.TaskListPage.getNewCustomerOption(TaskListPage.java:41)
at com.actitime.pom.TaskListPage.getNewCustomerOption(TaskListPage.java:41)
at com.actitime.pom.TaskListPage.getNewCustomerOption(TaskListPage.java:41)
at com.actitime.pom.TaskListPage.getNewCustomerOption(TaskListPage.java:41)
at com.actitime.pom.TaskListPage.getNewCustomerOption(TaskListPage.java:41)
at com.actitime.pom.TaskListPage.getNewCustomerOption(TaskListPage.java:41)
at com.actitime.pom.TaskListPage.getNewCustomerOption(TaskListPage.java:41)
at com.actitime.pom.TaskListPage.getNewCustomerOption(TaskListPage.java:41)
at com.actitime.pom.TaskListPage.getNewCustomerOption(TaskListPage.java:41)
at com.actitime.pom.TaskListPage.getNewCustomerOption(TaskListPage.java:41)
at com.actitime.pom.TaskListPage.getNewCustomerOption(TaskListPage.java:41)
at com.actitime.pom.TaskListPage.getNewCustomerOption(TaskListPage.java:41)
at com.actitime.pom.TaskListPage.getNewCustomerOption(TaskListPage.java:41)
at com.actitime.pom.TaskListPage.getNewCustomerOption(TaskListPage.java:41)
at com.actitime.pom.TaskListPage.getNewCustomerOption(TaskListPage.java:41)
at com.actitime.pom.TaskListPage.getNewCustomerOption(TaskListPage.java:41)
at com.actitime.pom.TaskListPage.getNewCustomerOption(TaskListPage.java:41)
at com.actitime.pom.TaskListPage.getNewCustomerOption(TaskListPage.java:41)
at com.actitime.pom.TaskListPage.getNewCustomerOption(TaskListPage.java:41)
at com.actitime.pom.TaskListPage.getNewCustomerOption(TaskListPage.java:41)
at com.actitime.pom.TaskListPage.getNewCustomerOption(TaskListPage.java:41)
at com.actitime.pom.TaskListPage.getNewCustomerOption(TaskListPage.java:41)
at com.actitime.pom.TaskListPage.getNewCustomerOption(TaskListPage.java:41)
at com.actitime.pom.TaskListPage.getNewCustomerOption(TaskListPage.java:41)
at com.actitime.pom.TaskListPage.getNewCustomerOption(TaskListPage.java:41)
at com.actitime.pom.TaskListPage.getNewCustomerOption(TaskListPage.java:41)
at com.actitime.pom.TaskListPage.getNewCustomerOption(TaskListPage.java:41)
at com.actitime.pom.TaskListPage.getNewCustomerOption(TaskListPage.java:41)
at com.actitime.pom.TaskListPage.getNewCustomerOption(TaskListPage.java:41)
at com.actitime.pom.TaskListPage.getNewCustomerOption(TaskListPage.java:41)
at com.actitime.pom.TaskListPage.getNewCustomerOption(TaskListPage.java:41)
at com.actitime.pom.TaskListPage.getNewCustomerOption(TaskListPage.java:41)
at com.actitime.pom.TaskListPage.getNewCustomerOption(TaskListPage.java:41)
at com.actitime.pom.TaskListPage.getNewCustomerOption(TaskListPage.java:41)
at com.actitime.pom.TaskListPage.getNewCustomerOption(TaskListPage.java:41)
at com.actitime.pom.TaskListPage.getNewCustomerOption(TaskListPage.java:41)
at com.actitime.pom.TaskListPage.getNewCustomerOption(TaskListPage.java:41)
at com.actitime.pom.TaskListPage.getNewCustomerOption(TaskListPage.java:41)
at com.actitime.pom.TaskListPage.getNewCustomerOption(TaskListPage.java:41)
at com.actitime.pom.TaskListPage.getNewCustomerOption(TaskListPage.java:41)
at com.actitime.pom.TaskListPage.getNewCustomerOption(TaskListPage.java:41)
at com.actitime.pom.TaskListPage.getNewCustomerOption(TaskListPage.java:41)
at com.actitime.pom.TaskListPage.getNewCustomerOption(TaskListPage.java:41)
at com.actitime.pom.TaskListPage.getNewCustomerOption(TaskListPage.java:41)
at com.actitime.pom.TaskListPage.getNewCustomerOption(TaskListPage.java:41)
at com.actitime.pom.TaskListPage.getNewCustomerOption(TaskListPage.java:41)
at com.actitime.pom.TaskListPage.getNewCustomerOption(TaskListPage.java:41)
at com.actitime.pom.TaskListPage.getNewCustomerOption(TaskListPage.java:41)
at com.actitime.pom.TaskListPage.getNewCustomerOption(TaskListPage.java:41)
at com.actitime.pom.TaskListPage.getNewCustomerOption(TaskListPage.java:41)
at com.actitime.pom.TaskListPage.getNewCustomerOption(TaskListPage.java:41)
at com.actitime.pom.TaskListPage.getNewCustomerOption(TaskListPage.java:41)
at com.actitime.pom.TaskListPage.getNewCustomerOption(TaskListPage.java:41)
at com.actitime.pom.TaskListPage.getNewCustomerOption(TaskListPage.java:41)
at com.actitime.pom.TaskListPage.getNewCustomerOption(TaskListPage.java:41)
at com.actitime.pom.TaskListPage.getNewCustomerOption(TaskListPage.java:41)
at com.actitime.pom.TaskListPage.getNewCustomerOption(TaskListPage.java:41)
at com.actitime.pom.TaskListPage.getNewCustomerOption(TaskListPage.java:41)
at com.actitime.pom.TaskListPage.getNewCustomerOption(TaskListPage.java:41)
at com.actitime.pom.TaskListPage.getNewCustomerOption(TaskListPage.java:41)
at com.actitime.pom.TaskListPage.getNewCustomerOption(TaskListPage.java:41)
at com.actitime.pom.TaskListPage.getNewCustomerOption(TaskListPage.java:41)
at com.actitime.pom.TaskListPage.getNewCustomerOption(TaskListPage.java:41)
at com.actitime.pom.TaskListPage.getNewCustomerOption(TaskListPage.java:41)
at com.actitime.pom.TaskListPage.getNewCustomerOption(TaskListPage.java:41)
at com.actitime.pom.TaskListPage.getNewCustomerOption(TaskListPage.java:41)
at com.actitime.pom.TaskListPage.getNewCustomerOption(TaskListPage.java:41)
at com.actitime.pom.TaskListPage.getNewCustomerOption(TaskListPage.java:41)
at com.actitime.pom.TaskListPage.getNewCustomerOption(TaskListPage.java:41)
at com.actitime.pom.TaskListPage.getNewCustomerOption(TaskListPage.java:41)
at com.actitime.pom.TaskListPage.getNewCustomerOption(TaskListPage.java:41)
at com.actitime.pom.TaskListPage.getNewCustomerOption(TaskListPage.java:41)
at com.actitime.pom.TaskListPage.getNewCustomerOption(TaskListPage.java:41)
at com.actitime.pom.TaskListPage.getNewCustomerOption(TaskListPage.java:41)
at com.actitime.pom.TaskListPage.getNewCustomerOption(TaskListPage.java:41)
at com.actitime.pom.TaskListPage.getNewCustomerOption(TaskListPage.java:41)
at com.actitime.pom.TaskListPage.getNewCustomerOption(TaskListPage.java:41)
at com.actitime.pom.TaskListPage.getNewCustomerOption(TaskListPage.java:41)
at com.actitime.pom.TaskListPage.getNewCustomerOption(TaskListPage.java:41)
at com.actitime.pom.TaskListPage.getNewCustomerOption(TaskListPage.java:41)
at com.actitime.pom.TaskListPage.getNewCustomerOption(TaskListPage.java:41)
at com.actitime.pom.TaskListPage.getNewCustomerOption(TaskListPage.java:41)
at com.actitime.pom.TaskListPage.getNewCustomerOption(TaskListPage.java:41)
at com.actitime.pom.TaskListPage.getNewCustomerOption(TaskListPage.java:41)
at com.actitime.pom.TaskListPage.getNewCustomerOption(TaskListPage.java:41)
at com.actitime.pom.TaskListPage.getNewCustomerOption(TaskListPage.java:41)
at com.actitime.pom.TaskListPage.getNewCustomerOption(TaskListPage.java:41)
at com.actitime.pom.TaskListPage.getNewCustomerOption(TaskListPage.java:41)
at com.actitime.pom.TaskListPage.getNewCustomerOption(TaskListPage.java:41)
at com.actitime.pom.TaskListPage.getNewCustomerOption(TaskListPage.java:41)
at com.actitime.pom.TaskListPage.getNewCustomerOption(TaskListPage.java:41)
at com.actitime.pom.TaskListPage.getNewCustomerOption(TaskListPage.java:41)
at com.actitime.pom.TaskListPage.getNewCustomerOption(TaskListPage.java:41)
at com.actitime.pom.TaskListPage.getNewCustomerOption(TaskListPage.java:41)
at com.actitime.pom.TaskListPage.getNewCustomerOption(TaskListPage.java:41)
at com.actitime.pom.TaskListPage.getNewCustomerOption(TaskListPage.java:41)
at com.actitime.pom.TaskListPage.getNewCustomerOption(TaskListPage.java:41)
at com.actitime.pom.TaskListPage.getNewCustomerOption(TaskListPage.java:41)
at com.actitime.pom.TaskListPage.getNewCustomerOption(TaskListPage.java:41)
at com.actitime.pom.TaskListPage.getNewCustomerOption(TaskListPage.java:41)
at com.actitime.pom.TaskListPage.getNewCustomerOption(TaskListPage.java:41)
at com.actitime.pom.TaskListPage.getNewCustomerOption(TaskListPage.java:41)
at com.actitime.pom.TaskListPage.getNewCustomerOption(TaskListPage.java:41)
at com.actitime.pom.TaskListPage.getNewCustomerOption(TaskListPage.java:41)
at com.actitime.pom.TaskListPage.getNewCustomerOption(TaskListPage.java:41)
at com.actitime.pom.TaskListPage.getNewCustomerOption(TaskListPage.java:41)
at com.actitime.pom.TaskListPage.getNewCustomerOption(TaskListPage.java:41)
at com.actitime.pom.TaskListPage.getNewCustomerOption(TaskListPage.java:41)
at com.actitime.pom.TaskListPage.getNewCustomerOption(TaskListPage.java:41)
at com.actitime.pom.TaskListPage.getNewCustomerOption(TaskListPage.java:41)
at com.actitime.pom.TaskListPage.getNewCustomerOption(TaskListPage.java:41)
at com.actitime.pom.TaskListPage.getNewCustomerOption(TaskListPage.java:41)
at com.actitime.pom.TaskListPage.getNewCustomerOption(TaskListPage.java:41)
at com.actitime.pom.TaskListPage.getNewCustomerOption(TaskListPage.java:41)
at com.actitime.pom.TaskListPage.getNewCustomerOption(TaskListPage.java:41)
at com.actitime.pom.TaskListPage.getNewCustomerOption(TaskListPage.java:41)
at com.actitime.pom.TaskListPage.getNewCustomerOption(TaskListPage.java:41)
at com.actitime.pom.TaskListPage.getNewCustomerOption(TaskListPage.java:41)
at com.actitime.pom.TaskListPage.getNewCustomerOption(TaskListPage.java:41)
at com.actitime.pom.TaskListPage.getNewCustomerOption(TaskListPage.java:41)
at com.actitime.pom.TaskListPage.getNewCustomerOption(TaskListPage.java:41)
at com.actitime.pom.TaskListPage.getNewCustomerOption(TaskListPage.java:41)
at com.actitime.pom.TaskListPage.getNewCustomerOption(TaskListPage.java:41)
at com.actitime.pom.TaskListPage.getNewCustomerOption(TaskListPage.java:41)
at com.actitime.pom.TaskListPage.getNewCustomerOption(TaskListPage.java:41)
at com.actitime.pom.TaskListPage.getNewCustomerOption(TaskListPage.java:41)
at com.actitime.pom.TaskListPage.getNewCustomerOption(TaskListPage.java:41)
at com.actitime.pom.TaskListPage.getNewCustomerOption(TaskListPage.java:41)
at com.actitime.pom.TaskListPage.getNewCustomerOption(TaskListPage.java:41)
at com.actitime.pom.TaskListPage.getNewCustomerOption(TaskListPage.java:41)
at com.actitime.pom.TaskListPage.getNewCustomerOption(TaskListPage.java:41)
at com.actitime.pom.TaskListPage.getNewCustomerOption(TaskListPage.java:41)
at com.actitime.pom.TaskListPage.getNewCustomerOption(TaskListPage.java:41)
at com.actitime.pom.TaskListPage.getNewCustomerOption(TaskListPage.java:41)
at com.actitime.pom.TaskListPage.getNewCustomerOption(TaskListPage.java:41)
at com.actitime.pom.TaskListPage.getNewCustomerOption(TaskListPage.java:41)
at com.actitime.pom.TaskListPage.getNewCustomerOption(TaskListPage.java:41)
at com.actitime.pom.TaskListPage.getNewCustomerOption(TaskListPage.java:41)
at com.actitime.pom.TaskListPage.getNewCustomerOption(TaskListPage.java:41)
at com.actitime.pom.TaskListPage.getNewCustomerOption(TaskListPage.java:41)
at com.actitime.pom.TaskListPage.getNewCustomerOption(TaskListPage.java:41)
at com.actitime.pom.TaskListPage.getNewCustomerOption(TaskListPage.java:41)
at com.actitime.pom.TaskListPage.getNewCustomerOption(TaskListPage.java:41)
at com.actitime.pom.TaskListPage.getNewCustomerOption(TaskListPage.java:41)
at com.actitime.pom.TaskListPage.getNewCustomerOption(TaskListPage.java:41)
at com.actitime.pom.TaskListPage.getNewCustomerOption(TaskListPage.java:41)
at com.actitime.pom.TaskListPage.getNewCustomerOption(TaskListPage.java:41)
at com.actitime.pom.TaskListPage.getNewCustomerOption(TaskListPage.java:41)
at com.actitime.pom.TaskListPage.getNewCustomerOption(TaskListPage.java:41)
at com.actitime.pom.TaskListPage.getNewCustomerOption(TaskListPage.java:41)
at com.actitime.pom.TaskListPage.getNewCustomerOption(TaskListPage.java:41)
at com.actitime.pom.TaskListPage.getNewCustomerOption(TaskListPage.java:41)
at com.actitime.pom.TaskListPage.getNewCustomerOption(TaskListPage.java:41)
at com.actitime.pom.TaskListPage.getNewCustomerOption(TaskListPage.java:41)
at com.actitime.pom.TaskListPage.getNewCustomerOption(TaskListPage.java:41)
at com.actitime.pom.TaskListPage.getNewCustomerOption(TaskListPage.java:41)
at com.actitime.pom.TaskListPage.getNewCustomerOption(TaskListPage.java:41)
at com.actitime.pom.TaskListPage.getNewCustomerOption(TaskListPage.java:41)
at com.actitime.pom.TaskListPage.getNewCustomerOption(TaskListPage.java:41)
at com.actitime.pom.TaskListPage.getNewCustomerOption(TaskListPage.java:41)
at com.actitime.pom.TaskListPage.getNewCustomerOption(TaskListPage.java:41)
at com.actitime.pom.TaskListPage.getNewCustomerOption(TaskListPage.java:41)
at com.actitime.pom.TaskListPage.getNewCustomerOption(TaskListPage.java:41)
at com.actitime.pom.TaskListPage.getNewCustomerOption(TaskListPage.java:41)
at com.actitime.pom.TaskListPage.getNewCustomerOption(TaskListPage.java:41)
at com.actitime.pom.TaskListPage.getNewCustomerOption(TaskListPage.java:41)
at com.actitime.pom.TaskListPage.getNewCustomerOption(TaskListPage.java:41)
at com.actitime.pom.TaskListPage.getNewCustomerOption(TaskListPage.java:41)
at com.actitime.pom.TaskListPage.getNewCustomerOption(TaskListPage.java:41)
at com.actitime.pom.TaskListPage.getNewCustomerOption(TaskListPage.java:41)
at com.actitime.pom.TaskListPage.getNewCustomerOption(TaskListPage.java:41)
at com.actitime.pom.TaskListPage.getNewCustomerOption(TaskListPage.java:41)
at com.actitime.pom.TaskListPage.getNewCustomerOption(TaskListPage.java:41)
at com.actitime.pom.TaskListPage.getNewCustomerOption(TaskListPage.java:41)
at com.actitime.pom.TaskListPage.getNewCustomerOption(TaskListPage.java:41)
at com.actitime.pom.TaskListPage.getNewCustomerOption(TaskListPage.java:41)
at com.actitime.pom.TaskListPage.getNewCustomerOption(TaskListPage.java:41)
at com.actitime.pom.TaskListPage.getNewCustomerOption(TaskListPage.java:41)
at com.actitime.pom.TaskListPage.getNewCustomerOption(TaskListPage.java:41)
at com.actitime.pom.TaskListPage.getNewCustomerOption(TaskListPage.java:41)
at com.actitime.pom.TaskListPage.getNewCustomerOption(TaskListPage.java:41)
at com.actitime.pom.TaskListPage.getNewCustomerOption(TaskListPage.java:41)
at com.actitime.pom.TaskListPage.getNewCustomerOption(TaskListPage.java:41)
at com.actitime.pom.TaskListPage.getNewCustomerOption(TaskListPage.java:41)
at com.actitime.pom.TaskListPage.getNewCustomerOption(TaskListPage.java:41)
at com.actitime.pom.TaskListPage.getNewCustomerOption(TaskListPage.java:41)
at com.actitime.pom.TaskListPage.getNewCustomerOption(TaskListPage.java:41)
at com.actitime.pom.TaskListPage.getNewCustomerOption(TaskListPage.java:41)
at com.actitime.pom.TaskListPage.getNewCustomerOption(TaskListPage.java:41)
at com.actitime.pom.TaskListPage.getNewCustomerOption(TaskListPage.java:41)
at com.actitime.pom.TaskListPage.getNewCustomerOption(TaskListPage.java:41)
at com.actitime.pom.TaskListPage.getNewCustomerOption(TaskListPage.java:41)
at com.actitime.pom.TaskListPage.getNewCustomerOption(TaskListPage.java:41)
at com.actitime.pom.TaskListPage.getNewCustomerOption(TaskListPage.java:41)
at com.actitime.pom.TaskListPage.getNewCustomerOption(TaskListPage.java:41)
at com.actitime.pom.TaskListPage.getNewCustomerOption(TaskListPage.java:41)
at com.actitime.pom.TaskListPage.getNewCustomerOption(TaskListPage.java:41)
at com.actitime.pom.TaskListPage.getNewCustomerOption(TaskListPage.java:41)
at com.actitime.pom.TaskListPage.getNewCustomerOption(TaskListPage.java:41)
at com.actitime.pom.TaskListPage.getNewCustomerOption(TaskListPage.java:41)
at com.actitime.pom.TaskListPage.getNewCustomerOption(TaskListPage.java:41)
at com.actitime.pom.TaskListPage.getNewCustomerOption(TaskListPage.java:41)
at com.actitime.pom.TaskListPage.getNewCustomerOption(TaskListPage.java:41)
at com.actitime.pom.TaskListPage.getNewCustomerOption(TaskListPage.java:41)
at com.actitime.pom.TaskListPage.getNewCustomerOption(TaskListPage.java:41)
at com.actitime.pom.TaskListPage.getNewCustomerOption(TaskListPage.java:41)
at com.actitime.pom.TaskListPage.getNewCustomerOption(TaskListPage.java:41)
at com.actitime.pom.TaskListPage.getNewCustomerOption(TaskListPage.java:41)
at com.actitime.pom.TaskListPage.getNewCustomerOption(TaskListPage.java:41)
at com.actitime.pom.TaskListPage.getNewCustomerOption(TaskListPage.java:41)
at com.actitime.pom.TaskListPage.getNewCustomerOption(TaskListPage.java:41)
at com.actitime.pom.TaskListPage.getNewCustomerOption(TaskListPage.java:41)
at com.actitime.pom.TaskListPage.getNewCustomerOption(TaskListPage.java:41)
at com.actitime.pom.TaskListPage.getNewCustomerOption(TaskListPage.java:41)
at com.actitime.pom.TaskListPage.getNewCustomerOption(TaskListPage.java:41)
at com.actitime.pom.TaskListPage.getNewCustomerOption(TaskListPage.java:41)
at com.actitime.pom.TaskListPage.getNewCustomerOption(TaskListPage.java:41)
at com.actitime.pom.TaskListPage.getNewCustomerOption(TaskListPage.java:41)
at com.actitime.pom.TaskListPage.getNewCustomerOption(TaskListPage.java:41)
at com.actitime.pom.TaskListPage.getNewCustomerOption(TaskListPage.java:41)
at com.actitime.pom.TaskListPage.getNewCustomerOption(TaskListPage.java:41)
at com.actitime.pom.TaskListPage.getNewCustomerOption(TaskListPage.java:41)
at com.actitime.pom.TaskListPage.getNewCustomerOption(TaskListPage.java:41)
at com.actitime.pom.TaskListPage.getNewCustomerOption(TaskListPage.java:41)
at com.actitime.pom.TaskListPage.getNewCustomerOption(TaskListPage.java:41)
at com.actitime.pom.TaskListPage.getNewCustomerOption(TaskListPage.java:41)
at com.actitime.pom.TaskListPage.getNewCustomerOption(TaskListPage.java:41)
at com.actitime.pom.TaskListPage.getNewCustomerOption(TaskListPage.java:41)
at com.actitime.pom.TaskListPage.getNewCustomerOption(TaskListPage.java:41)
at com.actitime.pom.TaskListPage.getNewCustomerOption(TaskListPage.java:41)
at com.actitime.pom.TaskListPage.getNewCustomerOption(TaskListPage.java:41)
at com.actitime.pom.TaskListPage.getNewCustomerOption(TaskListPage.java:41)
at com.actitime.pom.TaskListPage.getNewCustomerOption(TaskListPage.java:41)
at com.actitime.pom.TaskListPage.getNewCustomerOption(TaskListPage.java:41)
at com.actitime.pom.TaskListPage.getNewCustomerOption(TaskListPage.java:41)
at com.actitime.pom.TaskListPage.getNewCustomerOption(TaskListPage.java:41)
at com.actitime.pom.TaskListPage.getNewCustomerOption(TaskListPage.java:41)
at com.actitime.pom.TaskListPage.getNewCustomerOption(TaskListPage.java:41)
at com.actitime.pom.TaskListPage.getNewCustomerOption(TaskListPage.java:41)
at com.actitime.pom.TaskListPage.getNewCustomerOption(TaskListPage.java:41)
at com.actitime.pom.TaskListPage.getNewCustomerOption(TaskListPage.java:41)
at com.actitime.pom.TaskListPage.getNewCustomerOption(TaskListPage.java:41)
at com.actitime.pom.TaskListPage.getNewCustomerOption(TaskListPage.java:41)
at com.actitime.pom.TaskListPage.getNewCustomerOption(TaskListPage.java:41)
at com.actitime.pom.TaskListPage.getNewCustomerOption(TaskListPage.java:41)
at com.actitime.pom.TaskListPage.getNewCustomerOption(TaskListPage.java:41)
at com.actitime.pom.TaskListPage.getNewCustomerOption(TaskListPage.java:41)
at com.actitime.pom.TaskListPage.getNewCustomerOption(TaskListPage.java:41)
at com.actitime.pom.TaskListPage.getNewCustomerOption(TaskListPage.java:41)
at com.actitime.pom.TaskListPage.getNewCustomerOption(TaskListPage.java:41)
at com.actitime.pom.TaskListPage.getNewCustomerOption(TaskListPage.java:41)
at com.actitime.pom.TaskListPage.getNewCustomerOption(TaskListPage.java:41)
at com.actitime.pom.TaskListPage.getNewCustomerOption(TaskListPage.java:41)
at com.actitime.pom.TaskListPage.getNewCustomerOption(TaskListPage.java:41)
at com.actitime.pom.TaskListPage.getNewCustomerOption(TaskListPage.java:41)
at com.actitime.pom.TaskListPage.getNewCustomerOption(TaskListPage.java:41)
at com.actitime.pom.TaskListPage.getNewCustomerOption(TaskListPage.java:41)
at com.actitime.pom.TaskListPage.getNewCustomerOption(TaskListPage.java:41)
at com.actitime.pom.TaskListPage.getNewCustomerOption(TaskListPage.java:41)
at com.actitime.pom.TaskListPage.getNewCustomerOption(TaskListPage.java:41)
at com.actitime.pom.TaskListPage.getNewCustomerOption(TaskListPage.java:41)
at com.actitime.pom.TaskListPage.getNewCustomerOption(TaskListPage.java:41)
at com.actitime.pom.TaskListPage.getNewCustomerOption(TaskListPage.java:41)
at com.actitime.pom.TaskListPage.getNewCustomerOption(TaskListPage.java:41)
at com.actitime.pom.TaskListPage.getNewCustomerOption(TaskListPage.java:41)
at com.actitime.pom.TaskListPage.getNewCustomerOption(TaskListPage.java:41)
at com.actitime.pom.TaskListPage.getNewCustomerOption(TaskListPage.java:41)
at com.actitime.pom.TaskListPage.getNewCustomerOption(TaskListPage.java:41)
at com.actitime.pom.TaskListPage.getNewCustomerOption(TaskListPage.java:41)
at com.actitime.pom.TaskListPage.getNewCustomerOption(TaskListPage.java:41)
at com.actitime.pom.TaskListPage.getNewCustomerOption(TaskListPage.java:41)
at com.actitime.pom.TaskListPage.getNewCustomerOption(TaskListPage.java:41)
at com.actitime.pom.TaskListPage.getNewCustomerOption(TaskListPage.java:41)
at com.actitime.pom.TaskListPage.getNewCustomerOption(TaskListPage.java:41)
at com.actitime.pom.TaskListPage.getNewCustomerOption(TaskListPage.java:41)
at com.actitime.pom.TaskListPage.getNewCustomerOption(TaskListPage.java:41)
at com.actitime.pom.TaskListPage.getNewCustomerOption(TaskListPage.java:41)
at com.actitime.pom.TaskListPage.getNewCustomerOption(TaskListPage.java:41)
at com.actitime.pom.TaskListPage.getNewCustomerOption(TaskListPage.java:41)
at com.actitime.pom.TaskListPage.getNewCustomerOption(TaskListPage.java:41)
at com.actitime.pom.TaskListPage.getNewCustomerOption(TaskListPage.java:41)
at com.actitime.pom.TaskListPage.getNewCustomerOption(TaskListPage.java:41)
at com.actitime.pom.TaskListPage.getNewCustomerOption(TaskListPage.java:41)
at com.actitime.pom.TaskListPage.getNewCustomerOption(TaskListPage.java:41)
at com.actitime.pom.TaskListPage.getNewCustomerOption(TaskListPage.java:41)
at com.actitime.pom.TaskListPage.getNewCustomerOption(TaskListPage.java:41)
at com.actitime.pom.TaskListPage.getNewCustomerOption(TaskListPage.java:41)
at com.actitime.pom.TaskListPage.getNewCustomerOption(TaskListPage.java:41)
at com.actitime.pom.TaskListPage.getNewCustomerOption(TaskListPage.java:41)
at com.actitime.pom.TaskListPage.getNewCustomerOption(TaskListPage.java:41)
at com.actitime.pom.TaskListPage.getNewCustomerOption(TaskListPage.java:41)
at com.actitime.pom.TaskListPage.getNewCustomerOption(TaskListPage.java:41)
at com.actitime.pom.TaskListPage.getNewCustomerOption(TaskListPage.java:41)
at com.actitime.pom.TaskListPage.getNewCustomerOption(TaskListPage.java:41)
at com.actitime.pom.TaskListPage.getNewCustomerOption(TaskListPage.java:41)
at com.actitime.pom.TaskListPage.getNewCustomerOption(TaskListPage.java:41)
at com.actitime.pom.TaskListPage.getNewCustomerOption(TaskListPage.java:41)
at com.actitime.pom.TaskListPage.getNewCustomerOption(TaskListPage.java:41)
at com.actitime.pom.TaskListPage.getNewCustomerOption(TaskListPage.java:41)
at com.actitime.pom.TaskListPage.getNewCustomerOption(TaskListPage.java:41)
at com.actitime.pom.TaskListPage.getNewCustomerOption(TaskListPage.java:41)
at com.actitime.pom.TaskListPage.getNewCustomerOption(TaskListPage.java:41)
at com.actitime.pom.TaskListPage.getNewCustomerOption(TaskListPage.java:41)
at com.actitime.pom.TaskListPage.getNewCustomerOption(TaskListPage.java:41)
at com.actitime.pom.TaskListPage.getNewCustomerOption(TaskListPage.java:41)
at com.actitime.pom.TaskListPage.getNewCustomerOption(TaskListPage.java:41)
at com.actitime.pom.TaskListPage.getNewCustomerOption(TaskListPage.java:41)
at com.actitime.pom.TaskListPage.getNewCustomerOption(TaskListPage.java:41)
at com.actitime.pom.TaskListPage.getNewCustomerOption(TaskListPage.java:41)
at com.actitime.pom.TaskListPage.getNewCustomerOption(TaskListPage.java:41)
at com.actitime.pom.TaskListPage.getNewCustomerOption(TaskListPage.java:41)
at com.actitime.pom.TaskListPage.getNewCustomerOption(TaskListPage.java:41)
at com.actitime.pom.TaskListPage.getNewCustomerOption(TaskListPage.java:41)
at com.actitime.pom.TaskListPage.getNewCustomerOption(TaskListPage.java:41)
at com.actitime.pom.TaskListPage.getNewCustomerOption(TaskListPage.java:41)
at com.actitime.pom.TaskListPage.getNewCustomerOption(TaskListPage.java:41)
at com.actitime.pom.TaskListPage.getNewCustomerOption(TaskListPage.java:41)
at com.actitime.pom.TaskListPage.getNewCustomerOption(TaskListPage.java:41)
at com.actitime.pom.TaskListPage.getNewCustomerOption(TaskListPage.java:41)
at com.actitime.pom.TaskListPage.getNewCustomerOption(TaskListPage.java:41)
at com.actitime.pom.TaskListPage.getNewCustomerOption(TaskListPage.java:41)
at com.actitime.pom.TaskListPage.getNewCustomerOption(TaskListPage.java:41)
at com.actitime.pom.TaskListPage.getNewCustomerOption(TaskListPage.java:41)
at com.actitime.pom.TaskListPage.getNewCustomerOption(TaskListPage.java:41)
at com.actitime.pom.TaskListPage.getNewCustomerOption(TaskListPage.java:41)
at com.actitime.pom.TaskListPage.getNewCustomerOption(TaskListPage.java:41)
at com.actitime.pom.TaskListPage.getNewCustomerOption(TaskListPage.java:41)
at com.actitime.pom.TaskListPage.getNewCustomerOption(TaskListPage.java:41)
at com.actitime.pom.TaskListPage.getNewCustomerOption(TaskListPage.java:41)
at com.actitime.pom.TaskListPage.getNewCustomerOption(TaskListPage.java:41)
at com.actitime.pom.TaskListPage.getNewCustomerOption(TaskListPage.java:41)
at com.actitime.pom.TaskListPage.getNewCustomerOption(TaskListPage.java:41)
at com.actitime.pom.TaskListPage.getNewCustomerOption(TaskListPage.java:41)
at com.actitime.pom.TaskListPage.getNewCustomerOption(TaskListPage.java:41)
at com.actitime.pom.TaskListPage.getNewCustomerOption(TaskListPage.java:41)
at com.actitime.pom.TaskListPage.getNewCustomerOption(TaskListPage.java:41)
at com.actitime.pom.TaskListPage.getNewCustomerOption(TaskListPage.java:41)
at com.actitime.pom.TaskListPage.getNewCustomerOption(TaskListPage.java:41)
at com.actitime.pom.TaskListPage.getNewCustomerOption(TaskListPage.java:41)
at com.actitime.pom.TaskListPage.getNewCustomerOption(TaskListPage.java:41)
at com.actitime.pom.TaskListPage.getNewCustomerOption(TaskListPage.java:41)
at com.actitime.pom.TaskListPage.getNewCustomerOption(TaskListPage.java:41)
at com.actitime.pom.TaskListPage.getNewCustomerOption(TaskListPage.java:41)
at com.actitime.pom.TaskListPage.getNewCustomerOption(TaskListPage.java:41)
at com.actitime.pom.TaskListPage.getNewCustomerOption(TaskListPage.java:41)
at com.actitime.pom.TaskListPage.getNewCustomerOption(TaskListPage.java:41)
at com.actitime.pom.TaskListPage.getNewCustomerOption(TaskListPage.java:41)
at com.actitime.pom.TaskListPage.getNewCustomerOption(TaskListPage.java:41)
at com.actitime.pom.TaskListPage.getNewCustomerOption(TaskListPage.java:41)
at com.actitime.pom.TaskListPage.getNewCustomerOption(TaskListPage.java:41)
at com.actitime.pom.TaskListPage.getNewCustomerOption(TaskListPage.java:41)
at com.actitime.pom.TaskListPage.getNewCustomerOption(TaskListPage.java:41)
at com.actitime.pom.TaskListPage.getNewCustomerOption(TaskListPage.java:41)
at com.actitime.pom.TaskListPage.getNewCustomerOption(TaskListPage.java:41)
at com.actitime.pom.TaskListPage.getNewCustomerOption(TaskListPage.java:41)
at com.actitime.pom.TaskListPage.getNewCustomerOption(TaskListPage.java:41)
at com.actitime.pom.TaskListPage.getNewCustomerOption(TaskListPage.java:41)
at com.actitime.pom.TaskListPage.getNewCustomerOption(TaskListPage.java:41)
at com.actitime.pom.TaskListPage.getNewCustomerOption(TaskListPage.java:41)
at com.actitime.pom.TaskListPage.getNewCustomerOption(TaskListPage.java:41)
at com.actitime.pom.TaskListPage.getNewCustomerOption(TaskListPage.java:41)
at com.actitime.pom.TaskListPage.getNewCustomerOption(TaskListPage.java:41)
at com.actitime.pom.TaskListPage.getNewCustomerOption(TaskListPage.java:41)
at com.actitime.pom.TaskListPage.getNewCustomerOption(TaskListPage.java:41)
at com.actitime.pom.TaskListPage.getNewCustomerOption(TaskListPage.java:41)
at com.actitime.pom.TaskListPage.getNewCustomerOption(TaskListPage.java:41)
at com.actitime.pom.TaskListPage.getNewCustomerOption(TaskListPage.java:41)
at com.actitime.pom.TaskListPage.getNewCustomerOption(TaskListPage.java:41)
at com.actitime.pom.TaskListPage.getNewCustomerOption(TaskListPage.java:41)
at com.actitime.pom.TaskListPage.getNewCustomerOption(TaskListPage.java:41)
at com.actitime.pom.TaskListPage.getNewCustomerOption(TaskListPage.java:41)
at com.actitime.pom.TaskListPage.getNewCustomerOption(TaskListPage.java:41)
at com.actitime.pom.TaskListPage.getNewCustomerOption(TaskListPage.java:41)
at com.actitime.pom.TaskListPage.getNewCustomerOption(TaskListPage.java:41)
at com.actitime.pom.TaskListPage.getNewCustomerOption(TaskListPage.java:41)
at com.actitime.pom.TaskListPage.getNewCustomerOption(TaskListPage.java:41)
at com.actitime.pom.TaskListPage.getNewCustomerOption(TaskListPage.java:41)
at com.actitime.pom.TaskListPage.getNewCustomerOption(TaskListPage.java:41)
at com.actitime.pom.TaskListPage.getNewCustomerOption(TaskListPage.java:41)
at com.actitime.pom.TaskListPage.getNewCustomerOption(TaskListPage.java:41)
at com.actitime.pom.TaskListPage.getNewCustomerOption(TaskListPage.java:41)
at com.actitime.pom.TaskListPage.getNewCustomerOption(TaskListPage.java:41)
at com.actitime.pom.TaskListPage.getNewCustomerOption(TaskListPage.java:41)
at com.actitime.pom.TaskListPage.getNewCustomerOption(TaskListPage.java:41)
at com.actitime.pom.TaskListPage.getNewCustomerOption(TaskListPage.java:41)
at com.actitime.pom.TaskListPage.getNewCustomerOption(TaskListPage.java:41)
at com.actitime.pom.TaskListPage.getNewCustomerOption(TaskListPage.java:41)
at com.actitime.pom.TaskListPage.getNewCustomerOption(TaskListPage.java:41)
at com.actitime.pom.TaskListPage.getNewCustomerOption(TaskListPage.java:41)
at com.actitime.pom.TaskListPage.getNewCustomerOption(TaskListPage.java:41)
at com.actitime.pom.TaskListPage.getNewCustomerOption(TaskListPage.java:41)
at com.actitime.pom.TaskListPage.getNewCustomerOption(TaskListPage.java:41)
at com.actitime.pom.TaskListPage.getNewCustomerOption(TaskListPage.java:41)
at com.actitime.pom.TaskListPage.getNewCustomerOption(TaskListPage.java:41)
at com.actitime.pom.TaskListPage.getNewCustomerOption(TaskListPage.java:41)
at com.actitime.pom.TaskListPage.getNewCustomerOption(TaskListPage.java:41)
at com.actitime.pom.TaskListPage.getNewCustomerOption(TaskListPage.java:41)
at com.actitime.pom.TaskListPage.getNewCustomerOption(TaskListPage.java:41)
at com.actitime.pom.TaskListPage.getNewCustomerOption(TaskListPage.java:41)
at com.actitime.pom.TaskListPage.getNewCustomerOption(TaskListPage.java:41)
at com.actitime.pom.TaskListPage.getNewCustomerOption(TaskListPage.java:41)
at com.actitime.pom.TaskListPage.getNewCustomerOption(TaskListPage.java:41)
at com.actitime.pom.TaskListPage.getNewCustomerOption(TaskListPage.java:41)
at com.actitime.pom.TaskListPage.getNewCustomerOption(TaskListPage.java:41)
at com.actitime.pom.TaskListPage.getNewCustomerOption(TaskListPage.java:41)
at com.actitime.pom.TaskListPage.getNewCustomerOption(TaskListPage.java:41)
at com.actitime.pom.TaskListPage.getNewCustomerOption(TaskListPage.java:41)
at com.actitime.pom.TaskListPage.getNewCustomerOption(TaskListPage.java:41)
at com.actitime.pom.TaskListPage.getNewCustomerOption(TaskListPage.java:41)
at com.actitime.pom.TaskListPage.getNewCustomerOption(TaskListPage.java:41)
at com.actitime.pom.TaskListPage.getNewCustomerOption(TaskListPage.java:41)
at com.actitime.pom.TaskListPage.getNewCustomerOption(TaskListPage.java:41)
at com.actitime.pom.TaskListPage.getNewCustomerOption(TaskListPage.java:41)
at com.actitime.pom.TaskListPage.getNewCustomerOption(TaskListPage.java:41)
at com.actitime.pom.TaskListPage.getNewCustomerOption(TaskListPage.java:41)
at com.actitime.pom.TaskListPage.getNewCustomerOption(TaskListPage.java:41)
at com.actitime.pom.TaskListPage.getNewCustomerOption(TaskListPage.java:41)
at com.actitime.pom.TaskListPage.getNewCustomerOption(TaskListPage.java:41)
at com.actitime.pom.TaskListPage.getNewCustomerOption(TaskListPage.java:41)
at com.actitime.pom.TaskListPage.getNewCustomerOption(TaskListPage.java:41)
at com.actitime.pom.TaskListPage.getNewCustomerOption(TaskListPage.java:41)
at com.actitime.pom.TaskListPage.getNewCustomerOption(TaskListPage.java:41)
at com.actitime.pom.TaskListPage.getNewCustomerOption(TaskListPage.java:41)
at com.actitime.pom.TaskListPage.getNewCustomerOption(TaskListPage.java:41)
at com.actitime.pom.TaskListPage.getNewCustomerOption(TaskListPage.java:41)
at com.actitime.pom.TaskListPage.getNewCustomerOption(TaskListPage.java:41)
at com.actitime.pom.TaskListPage.getNewCustomerOption(TaskListPage.java:41)
at com.actitime.pom.TaskListPage.getNewCustomerOption(TaskListPage.java:41)
at com.actitime.pom.TaskListPage.getNewCustomerOption(TaskListPage.java:41)
at com.actitime.pom.TaskListPage.getNewCustomerOption(TaskListPage.java:41)
at com.actitime.pom.TaskListPage.getNewCustomerOption(TaskListPage.java:41)
at com.actitime.pom.TaskListPage.getNewCustomerOption(TaskListPage.java:41)
at com.actitime.pom.TaskListPage.getNewCustomerOption(TaskListPage.java:41)
at com.actitime.pom.TaskListPage.getNewCustomerOption(TaskListPage.java:41)
at com.actitime.pom.TaskListPage.getNewCustomerOption(TaskListPage.java:41)
at com.actitime.pom.TaskListPage.getNewCustomerOption(TaskListPage.java:41)
at com.actitime.pom.TaskListPage.getNewCustomerOption(TaskListPage.java:41)
at com.actitime.pom.TaskListPage.getNewCustomerOption(TaskListPage.java:41)
at com.actitime.pom.TaskListPage.getNewCustomerOption(TaskListPage.java:41)
at com.actitime.pom.TaskListPage.getNewCustomerOption(TaskListPage.java:41)
at com.actitime.pom.TaskListPage.getNewCustomerOption(TaskListPage.java:41)
at com.actitime.pom.TaskListPage.getNewCustomerOption(TaskListPage.java:41)
at com.actitime.pom.TaskListPage.getNewCustomerOption(TaskListPage.java:41)
at com.actitime.pom.TaskListPage.getNewCustomerOption(TaskListPage.java:41)
at com.actitime.pom.TaskListPage.getNewCustomerOption(TaskListPage.java:41)
at com.actitime.pom.TaskListPage.getNewCustomerOption(TaskListPage.java:41)
at com.actitime.pom.TaskListPage.getNewCustomerOption(TaskListPage.java:41)
at com.actitime.pom.TaskListPage.getNewCustomerOption(TaskListPage.java:41)
at com.actitime.pom.TaskListPage.getNewCustomerOption(TaskListPage.java:41)
at com.actitime.pom.TaskListPage.getNewCustomerOption(TaskListPage.java:41)
at com.actitime.pom.TaskListPage.getNewCustomerOption(TaskListPage.java:41)
at com.actitime.pom.TaskListPage.getNewCustomerOption(TaskListPage.java:41)
at com.actitime.pom.TaskListPage.getNewCustomerOption(TaskListPage.java:41)
at com.actitime.pom.TaskListPage.getNewCustomerOption(TaskListPage.java:41)
at com.actitime.pom.TaskListPage.getNewCustomerOption(TaskListPage.java:41)
at com.actitime.pom.TaskListPage.getNewCustomerOption(TaskListPage.java:41)
at com.actitime.pom.TaskListPage.getNewCustomerOption(TaskListPage.java:41)
at com.actitime.pom.TaskListPage.getNewCustomerOption(TaskListPage.java:41)
at com.actitime.pom.TaskListPage.getNewCustomerOption(TaskListPage.java:41)
at com.actitime.pom.TaskListPage.getNewCustomerOption(TaskListPage.java:41)
at com.actitime.pom.TaskListPage.getNewCustomerOption(TaskListPage.java:41)
at com.actitime.pom.TaskListPage.getNewCustomerOption(TaskListPage.java:41)
at com.actitime.pom.TaskListPage.getNewCustomerOption(TaskListPage.java:41)
at com.actitime.pom.TaskListPage.getNewCustomerOption(TaskListPage.java:41)
at com.actitime.pom.TaskListPage.getNewCustomerOption(TaskListPage.java:41)
at com.actitime.pom.TaskListPage.getNewCustomerOption(TaskListPage.java:41)
at com.actitime.pom.TaskListPage.getNewCustomerOption(TaskListPage.java:41)
at com.actitime.pom.TaskListPage.getNewCustomerOption(TaskListPage.java:41)
at com.actitime.pom.TaskListPage.getNewCustomerOption(TaskListPage.java:41)
at com.actitime.pom.TaskListPage.getNewCustomerOption(TaskListPage.java:41)
at com.actitime.pom.TaskListPage.getNewCustomerOption(TaskListPage.java:41)
at com.actitime.pom.TaskListPage.getNewCustomerOption(TaskListPage.java:41)
at com.actitime.pom.TaskListPage.getNewCustomerOption(TaskListPage.java:41)
at com.actitime.pom.TaskListPage.getNewCustomerOption(TaskListPage.java:41)
at com.actitime.pom.TaskListPage.getNewCustomerOption(TaskListPage.java:41)
at com.actitime.pom.TaskListPage.getNewCustomerOption(TaskListPage.java:41)
at com.actitime.pom.TaskListPage.getNewCustomerOption(TaskListPage.java:41)
at com.actitime.pom.TaskListPage.getNewCustomerOption(TaskListPage.java:41)
at com.actitime.pom.TaskListPage.getNewCustomerOption(TaskListPage.java:41)
at com.actitime.pom.TaskListPage.getNewCustomerOption(TaskListPage.java:41)
at com.actitime.pom.TaskListPage.getNewCustomerOption(TaskListPage.java:41)
at com.actitime.pom.TaskListPage.getNewCustomerOption(TaskListPage.java:41)
at com.actitime.pom.TaskListPage.getNewCustomerOption(TaskListPage.java:41)
at com.actitime.pom.TaskListPage.getNewCustomerOption(TaskListPage.java:41)
at com.actitime.pom.TaskListPage.getNewCustomerOption(TaskListPage.java:41)
at com.actitime.pom.TaskListPage.getNewCustomerOption(TaskListPage.java:41)
at com.actitime.pom.TaskListPage.getNewCustomerOption(TaskListPage.java:41)
at com.actitime.pom.TaskListPage.getNewCustomerOption(TaskListPage.java:41)
at com.actitime.pom.TaskListPage.getNewCustomerOption(TaskListPage.java:41)
at com.actitime.pom.TaskListPage.getNewCustomerOption(TaskListPage.java:41)
at com.actitime.pom.TaskListPage.getNewCustomerOption(TaskListPage.java:41)
at com.actitime.pom.TaskListPage.getNewCustomerOption(TaskListPage.java:41)
at com.actitime.pom.TaskListPage.getNewCustomerOption(TaskListPage.java:41)
at com.actitime.pom.TaskListPage.getNewCustomerOption(TaskListPage.java:41)
at com.actitime.pom.TaskListPage.getNewCustomerOption(TaskListPage.java:41)
at com.actitime.pom.TaskListPage.getNewCustomerOption(TaskListPage.java:41)
at com.actitime.pom.TaskListPage.getNewCustomerOption(TaskListPage.java:41)
at com.actitime.pom.TaskListPage.getNewCustomerOption(TaskListPage.java:41)
at com.actitime.pom.TaskListPage.getNewCustomerOption(TaskListPage.java:41)
at com.actitime.pom.TaskListPage.getNewCustomerOption(TaskListPage.java:41)
at com.actitime.pom.TaskListPage.getNewCustomerOption(TaskListPage.java:41)
at com.actitime.pom.TaskListPage.getNewCustomerOption(TaskListPage.java:41)
at com.actitime.pom.TaskListPage.getNewCustomerOption(TaskListPage.java:41)
at com.actitime.pom.TaskListPage.getNewCustomerOption(TaskListPage.java:41)
at com.actitime.pom.TaskListPage.getNewCustomerOption(TaskListPage.java:41)
at com.actitime.pom.TaskListPage.getNewCustomerOption(TaskListPage.java:41)
at com.actitime.pom.TaskListPage.getNewCustomerOption(TaskListPage.java:41)
at com.actitime.pom.TaskListPage.getNewCustomerOption(TaskListPage.java:41)
at com.actitime.pom.TaskListPage.getNewCustomerOption(TaskListPage.java:41)
at com.actitime.pom.TaskListPage.getNewCustomerOption(TaskListPage.java:41)
at com.actitime.pom.TaskListPage.getNewCustomerOption(TaskListPage.java:41)
at com.actitime.pom.TaskListPage.getNewCustomerOption(TaskListPage.java:41)
at com.actitime.pom.TaskListPage.getNewCustomerOption(TaskListPage.java:41)
at com.actitime.pom.TaskListPage.getNewCustomerOption(TaskListPage.java:41)
at com.actitime.pom.TaskListPage.getNewCustomerOption(TaskListPage.java:41)
at com.actitime.pom.TaskListPage.getNewCustomerOption(TaskListPage.java:41)
at com.actitime.pom.TaskListPage.getNewCustomerOption(TaskListPage.java:41)
at com.actitime.pom.TaskListPage.getNewCustomerOption(TaskListPage.java:41)
at com.actitime.pom.TaskListPage.getNewCustomerOption(TaskListPage.java:41)
at com.actitime.pom.TaskListPage.getNewCustomerOption(TaskListPage.java:41)
at com.actitime.pom.TaskListPage.getNewCustomerOption(TaskListPage.java:41)
at com.actitime.pom.TaskListPage.getNewCustomerOption(TaskListPage.java:41)
at com.actitime.pom.TaskListPage.getNewCustomerOption(TaskListPage.java:41)
at com.actitime.pom.TaskListPage.getNewCustomerOption(TaskListPage.java:41)
at com.actitime.pom.TaskListPage.getNewCustomerOption(TaskListPage.java:41)
at com.actitime.pom.TaskListPage.getNewCustomerOption(TaskListPage.java:41)
at com.actitime.pom.TaskListPage.getNewCustomerOption(TaskListPage.java:41)
at com.actitime.pom.TaskListPage.getNewCustomerOption(TaskListPage.java:41)
at com.actitime.pom.TaskListPage.getNewCustomerOption(TaskListPage.java:41)
at com.actitime.pom.TaskListPage.getNewCustomerOption(TaskListPage.java:41)
at com.actitime.pom.TaskListPage.getNewCustomerOption(TaskListPage.java:41)
at com.actitime.pom.TaskListPage.getNewCustomerOption(TaskListPage.java:41)
at com.actitime.pom.TaskListPage.getNewCustomerOption(TaskListPage.java:41)
at com.actitime.pom.TaskListPage.getNewCustomerOption(TaskListPage.java:41)
at com.actitime.pom.TaskListPage.getNewCustomerOption(TaskListPage.java:41)
at com.actitime.pom.TaskListPage.getNewCustomerOption(TaskListPage.java:41)
at com.actitime.pom.TaskListPage.getNewCustomerOption(TaskListPage.java:41)
at com.actitime.pom.TaskListPage.getNewCustomerOption(TaskListPage.java:41)
at com.actitime.pom.TaskListPage.getNewCustomerOption(TaskListPage.java:41)
at com.actitime.pom.TaskListPage.getNewCustomerOption(TaskListPage.java:41)
at com.actitime.pom.TaskListPage.getNewCustomerOption(TaskListPage.java:41)
at com.actitime.pom.TaskListPage.getNewCustomerOption(TaskListPage.java:41)
at com.actitime.pom.TaskListPage.getNewCustomerOption(TaskListPage.java:41)
at com.actitime.pom.TaskListPage.getNewCustomerOption(TaskListPage.java:41)
at com.actitime.pom.TaskListPage.getNewCustomerOption(TaskListPage.java:41)
at com.actitime.pom.TaskListPage.getNewCustomerOption(TaskListPage.java:41)
at com.actitime.pom.TaskListPage.getNewCustomerOption(TaskListPage.java:41)
at com.actitime.pom.TaskListPage.getNewCustomerOption(TaskListPage.java:41)
at com.actitime.pom.TaskListPage.getNewCustomerOption(TaskListPage.java:41)
at com.actitime.pom.TaskListPage.getNewCustomerOption(TaskListPage.java:41)
at com.actitime.pom.TaskListPage.getNewCustomerOption(TaskListPage.java:41)
at com.actitime.pom.TaskListPage.getNewCustomerOption(TaskListPage.java:41)
at com.actitime.pom.TaskListPage.getNewCustomerOption(TaskListPage.java:41)
at com.actitime.pom.TaskListPage.getNewCustomerOption(TaskListPage.java:41)
at com.actitime.pom.TaskListPage.getNewCustomerOption(TaskListPage.java:41)
at com.actitime.pom.TaskListPage.getNewCustomerOption(TaskListPage.java:41)
at com.actitime.pom.TaskListPage.getNewCustomerOption(TaskListPage.java:41)
at com.actitime.pom.TaskListPage.getNewCustomerOption(TaskListPage.java:41)
at com.actitime.pom.TaskListPage.getNewCustomerOption(TaskListPage.java:41)
at com.actitime.pom.TaskListPage.getNewCustomerOption(TaskListPage.java:41)
at com.actitime.pom.TaskListPage.getNewCustomerOption(TaskListPage.java:41)
at com.actitime.pom.TaskListPage.getNewCustomerOption(TaskListPage.java:41)
at com.actitime.pom.TaskListPage.getNewCustomerOption(TaskListPage.java:41)
at com.actitime.pom.TaskListPage.getNewCustomerOption(TaskListPage.java:41)
at com.actitime.pom.TaskListPage.getNewCustomerOption(TaskListPage.java:41)
at com.actitime.pom.TaskListPage.getNewCustomerOption(TaskListPage.java:41)
at com.actitime.pom.TaskListPage.getNewCustomerOption(TaskListPage.java:41)
at com.actitime.pom.TaskListPage.getNewCustomerOption(TaskListPage.java:41)
at com.actitime.pom.TaskListPage.getNewCustomerOption(TaskListPage.java:41)
at com.actitime.pom.TaskListPage.getNewCustomerOption(TaskListPage.java:41)
at com.actitime.pom.TaskListPage.getNewCustomerOption(TaskListPage.java:41)
at com.actitime.pom.TaskListPage.getNewCustomerOption(TaskListPage.java:41)
at com.actitime.pom.TaskListPage.getNewCustomerOption(TaskListPage.java:41)
at com.actitime.pom.TaskListPage.getNewCustomerOption(TaskListPage.java:41)
at com.actitime.pom.TaskListPage.getNewCustomerOption(TaskListPage.java:41)
at com.actitime.pom.TaskListPage.getNewCustomerOption(TaskListPage.java:41)
at com.actitime.pom.TaskListPage.getNewCustomerOption(TaskListPage.java:41)
at com.actitime.pom.TaskListPage.getNewCustomerOption(TaskListPage.java:41)
at com.actitime.pom.TaskListPage.getNewCustomerOption(TaskListPage.java:41)
at com.actitime.pom.TaskListPage.getNewCustomerOption(TaskListPage.java:41)
at com.actitime.pom.TaskListPage.getNewCustomerOption(TaskListPage.java:41)
at com.actitime.pom.TaskListPage.getNewCustomerOption(TaskListPage.java:41)
at com.actitime.pom.TaskListPage.getNewCustomerOption(TaskListPage.java:41)
at com.actitime.pom.TaskListPage.getNewCustomerOption(TaskListPage.java:41)
at com.actitime.pom.TaskListPage.getNewCustomerOption(TaskListPage.java:41)
at com.actitime.pom.TaskListPage.getNewCustomerOption(TaskListPage.java:41)
at com.actitime.pom.TaskListPage.getNewCustomerOption(TaskListPage.java:41)
at com.actitime.pom.TaskListPage.getNewCustomerOption(TaskListPage.java:41)
at com.actitime.pom.TaskListPage.getNewCustomerOption(TaskListPage.java:41)
at com.actitime.pom.TaskListPage.getNewCustomerOption(TaskListPage.java:41)
at com.actitime.pom.TaskListPage.getNewCustomerOption(TaskListPage.java:41)
at com.actitime.pom.TaskListPage.getNewCustomerOption(TaskListPage.java:41)
at com.actitime.pom.TaskListPage.getNewCustomerOption(TaskListPage.java:41)
at com.actitime.pom.TaskListPage.getNewCustomerOption(TaskListPage.java:41)
at com.actitime.pom.TaskListPage.getNewCustomerOption(TaskListPage.java:41)
at com.actitime.pom.TaskListPage.getNewCustomerOption(TaskListPage.java:41)
at com.actitime.pom.TaskListPage.getNewCustomerOption(TaskListPage.java:41)
at com.actitime.pom.TaskListPage.getNewCustomerOption(TaskListPage.java:41)
at com.actitime.pom.TaskListPage.getNewCustomerOption(TaskListPage.java:41)
at com.actitime.pom.TaskListPage.getNewCustomerOption(TaskListPage.java:41)
at com.actitime.pom.TaskListPage.getNewCustomerOption(TaskListPage.java:41)
at com.actitime.pom.TaskListPage.getNewCustomerOption(TaskListPage.java:41)
at com.actitime.pom.TaskListPage.getNewCustomerOption(TaskListPage.java:41)
at com.actitime.pom.TaskListPage.getNewCustomerOption(TaskListPage.java:41)
at com.actitime.pom.TaskListPage.getNewCustomerOption(TaskListPage.java:41)
at com.actitime.pom.TaskListPage.getNewCustomerOption(TaskListPage.java:41)
at com.actitime.pom.TaskListPage.getNewCustomerOption(TaskListPage.java:41)
at com.actitime.pom.TaskListPage.getNewCustomerOption(TaskListPage.java:41)
at com.actitime.pom.TaskListPage.getNewCustomerOption(TaskListPage.java:41)
at com.actitime.pom.TaskListPage.getNewCustomerOption(TaskListPage.java:41)
at com.actitime.pom.TaskListPage.getNewCustomerOption(TaskListPage.java:41)
at com.actitime.pom.TaskListPage.getNewCustomerOption(TaskListPage.java:41)
at com.actitime.pom.TaskListPage.getNewCustomerOption(TaskListPage.java:41)
at com.actitime.pom.TaskListPage.getNewCustomerOption(TaskListPage.java:41)
at com.actitime.pom.TaskListPage.getNewCustomerOption(TaskListPage.java:41)
at com.actitime.pom.TaskListPage.getNewCustomerOption(TaskListPage.java:41)
at com.actitime.pom.TaskListPage.getNewCustomerOption(TaskListPage.java:41)
at com.actitime.pom.TaskListPage.getNewCustomerOption(TaskListPage.java:41)
at com.actitime.pom.TaskListPage.getNewCustomerOption(TaskListPage.java:41)
at com.actitime.pom.TaskListPage.getNewCustomerOption(TaskListPage.java:41)
at com.actitime.pom.TaskListPage.getNewCustomerOption(TaskListPage.java:41)
at com.actitime.pom.TaskListPage.getNewCustomerOption(TaskListPage.java:41)
at com.actitime.pom.TaskListPage.getNewCustomerOption(TaskListPage.java:41)
at com.actitime.pom.TaskListPage.getNewCustomerOption(TaskListPage.java:41)
at com.actitime.pom.TaskListPage.getNewCustomerOption(TaskListPage.java:41)
at com.actitime.pom.TaskListPage.getNewCustomerOption(TaskListPage.java:41)
at com.actitime.pom.TaskListPage.getNewCustomerOption(TaskListPage.java:41)
at com.actitime.pom.TaskListPage.getNewCustomerOption(TaskListPage.java:41)
at com.actitime.pom.TaskListPage.getNewCustomerOption(TaskListPage.java:41)
at com.actitime.pom.TaskListPage.getNewCustomerOption(TaskListPage.java:41)
at com.actitime.pom.TaskListPage.getNewCustomerOption(TaskListPage.java:41)
at com.actitime.pom.TaskListPage.getNewCustomerOption(TaskListPage.java:41)
at com.actitime.pom.TaskListPage.getNewCustomerOption(TaskListPage.java:41)
at com.actitime.pom.TaskListPage.getNewCustomerOption(TaskListPage.java:41)
at com.actitime.pom.TaskListPage.getNewCustomerOption(TaskListPage.java:41)
at com.actitime.pom.TaskListPage.getNewCustomerOption(TaskListPage.java:41)
at com.actitime.pom.TaskListPage.getNewCustomerOption(TaskListPage.java:41)
at com.actitime.pom.TaskListPage.getNewCustomerOption(TaskListPage.java:41)
at com.actitime.pom.TaskListPage.getNewCustomerOption(TaskListPage.java:41)
at com.actitime.pom.TaskListPage.getNewCustomerOption(TaskListPage.java:41)
at com.actitime.pom.TaskListPage.getNewCustomerOption(TaskListPage.java:41)
at com.actitime.pom.TaskListPage.getNewCustomerOption(TaskListPage.java:41)
at com.actitime.pom.TaskListPage.getNewCustomerOption(TaskListPage.java:41)
at com.actitime.pom.TaskListPage.getNewCustomerOption(TaskListPage.java:41)
at com.actitime.pom.TaskListPage.getNewCustomerOption(TaskListPage.java:41)
at com.actitime.pom.TaskListPage.getNewCustomerOption(TaskListPage.java:41)
at com.actitime.pom.TaskListPage.getNewCustomerOption(TaskListPage.java:41)
at com.actitime.pom.TaskListPage.getNewCustomerOption(TaskListPage.java:41)
at com.actitime.pom.TaskListPage.getNewCustomerOption(TaskListPage.java:41)
at com.actitime.pom.TaskListPage.getNewCustomerOption(TaskListPage.java:41)
at com.actitime.pom.TaskListPage.getNewCustomerOption(TaskListPage.java:41)
at com.actitime.pom.TaskListPage.getNewCustomerOption(TaskListPage.java:41)
at com.actitime.pom.TaskListPage.getNewCustomerOption(TaskListPage.java:41)
at com.actitime.pom.TaskListPage.getNewCustomerOption(TaskListPage.java:41)
at com.actitime.pom.TaskListPage.getNewCustomerOption(TaskListPage.java:41)
at com.actitime.pom.TaskListPage.getNewCustomerOption(TaskListPage.java:41)
at com.actitime.pom.TaskListPage.getNewCustomerOption(TaskListPage.java:41)
at com.actitime.pom.TaskListPage.getNewCustomerOption(TaskListPage.java:41)
at com.actitime.pom.TaskListPage.getNewCustomerOption(TaskListPage.java:41)
at com.actitime.pom.TaskListPage.getNewCustomerOption(TaskListPage.java:41)
at com.actitime.pom.TaskListPage.getNewCustomerOption(TaskListPage.java:41)
at com.actitime.pom.TaskListPage.getNewCustomerOption(TaskListPage.java:41)
at com.actitime.pom.TaskListPage.getNewCustomerOption(TaskListPage.java:41)
at com.actitime.pom.TaskListPage.getNewCustomerOption(TaskListPage.java:41)
at com.actitime.pom.TaskListPage.getNewCustomerOption(TaskListPage.java:41)
at com.actitime.pom.TaskListPage.getNewCustomerOption(TaskListPage.java:41)
at com.actitime.pom.TaskListPage.getNewCustomerOption(TaskListPage.java:41)
at com.actitime.pom.TaskListPage.getNewCustomerOption(TaskListPage.java:41)
at com.actitime.pom.TaskListPage.getNewCustomerOption(TaskListPage.java:41)
at com.actitime.pom.TaskListPage.getNewCustomerOption(TaskListPage.java:41)
at com.actitime.pom.TaskListPage.getNewCustomerOption(TaskListPage.java:41)
at com.actitime.pom.TaskListPage.getNewCustomerOption(TaskListPage.java:41)
at com.actitime.pom.TaskListPage.getNewCustomerOption(TaskListPage.java:41)
at com.actitime.pom.TaskListPage.getNewCustomerOption(TaskListPage.java:41)
at com.actitime.pom.TaskListPage.getNewCustomerOption(TaskListPage.java:41)
at com.actitime.pom.TaskListPage.getNewCustomerOption(TaskListPage.java:41)
at com.actitime.pom.TaskListPage.getNewCustomerOption(TaskListPage.java:41)
at com.actitime.pom.TaskListPage.getNewCustomerOption(TaskListPage.java:41)
at com.actitime.pom.TaskListPage.getNewCustomerOption(TaskListPage.java:41)
at com.actitime.pom.TaskListPage.getNewCustomerOption(TaskListPage.java:41)
at com.actitime.pom.TaskListPage.getNewCustomerOption(TaskListPage.java:41)
at com.actitime.pom.TaskListPage.getNewCustomerOption(TaskListPage.java:41)
at com.actitime.pom.TaskListPage.getNewCustomerOption(TaskListPage.java:41)
at com.actitime.pom.TaskListPage.getNewCustomerOption(TaskListPage.java:41)
at com.actitime.pom.TaskListPage.getNewCustomerOption(TaskListPage.java:41)
at com.actitime.pom.TaskListPage.getNewCustomerOption(TaskListPage.java:41)
at com.actitime.pom.TaskListPage.getNewCustomerOption(TaskListPage.java:41)
at com.actitime.pom.TaskListPage.getNewCustomerOption(TaskListPage.java:41)
at com.actitime.pom.TaskListPage.getNewCustomerOption(TaskListPage.java:41)
at com.actitime.pom.TaskListPage.getNewCustomerOption(TaskListPage.java:41)
at com.actitime.pom.TaskListPage.getNewCustomerOption(TaskListPage.java:41)
at com.actitime.pom.TaskListPage.getNewCustomerOption(TaskListPage.java:41)
at com.actitime.pom.TaskListPage.getNewCustomerOption(TaskListPage.java:41)
at com.actitime.pom.TaskListPage.getNewCustomerOption(TaskListPage.java:41)
at com.actitime.pom.TaskListPage.getNewCustomerOption(TaskListPage.java:41)
at com.actitime.pom.TaskListPage.getNewCustomerOption(TaskListPage.java:41)
at com.actitime.pom.TaskListPage.getNewCustomerOption(TaskListPage.java:41)
at com.actitime.pom.TaskListPage.getNewCustomerOption(TaskListPage.java:41)
at com.actitime.pom.TaskListPage.getNewCustomerOption(TaskListPage.java:41)
at com.actitime.pom.TaskListPage.getNewCustomerOption(TaskListPage.java:41)
at com.actitime.pom.TaskListPage.getNewCustomerOption(TaskListPage.java:41)
at com.actitime.pom.TaskListPage.getNewCustomerOption(TaskListPage.java:41)
at com.actitime.pom.TaskListPage.getNewCustomerOption(TaskListPage.java:41)
at com.actitime.pom.TaskListPage.getNewCustomerOption(TaskListPage.java:41)
at com.actitime.pom.TaskListPage.getNewCustomerOption(TaskListPage.java:41)
at com.actitime.pom.TaskListPage.getNewCustomerOption(TaskListPage.java:41)
at com.actitime.pom.TaskListPage.getNewCustomerOption(TaskListPage.java:41)
at com.actitime.pom.TaskListPage.getNewCustomerOption(TaskListPage.java:41)
at com.actitime.pom.TaskListPage.getNewCustomerOption(TaskListPage.java:41)
at com.actitime.pom.TaskListPage.getNewCustomerOption(TaskListPage.java:41)
at com.actitime.pom.TaskListPage.getNewCustomerOption(TaskListPage.java:41)
at com.actitime.pom.TaskListPage.getNewCustomerOption(TaskListPage.java:41)
at com.actitime.pom.TaskListPage.getNewCustomerOption(TaskListPage.java:41)
at com.actitime.pom.TaskListPage.getNewCustomerOption(TaskListPage.java:41)
at com.actitime.pom.TaskListPage.getNewCustomerOption(TaskListPage.java:41)
at com.actitime.pom.TaskListPage.getNewCustomerOption(TaskListPage.java:41)
at com.actitime.pom.TaskListPage.getNewCustomerOption(TaskListPage.java:41)
at com.actitime.pom.TaskListPage.getNewCustomerOption(TaskListPage.java:41)
at com.actitime.pom.TaskListPage.getNewCustomerOption(TaskListPage.java:41)
at com.actitime.pom.TaskListPage.getNewCustomerOption(TaskListPage.java:41)
at com.actitime.pom.TaskListPage.getNewCustomerOption(TaskListPage.java:41)
at com.actitime.pom.TaskListPage.getNewCustomerOption(TaskListPage.java:41)
at com.actitime.pom.TaskListPage.getNewCustomerOption(TaskListPage.java:41)
at com.actitime.pom.TaskListPage.getNewCustomerOption(TaskListPage.java:41)
at com.actitime.pom.TaskListPage.getNewCustomerOption(TaskListPage.java:41)
at com.actitime.pom.TaskListPage.getNewCustomerOption(TaskListPage.java:41)
at com.actitime.pom.TaskListPage.getNewCustomerOption(TaskListPage.java:41)
at com.actitime.pom.TaskListPage.getNewCustomerOption(TaskListPage.java:41)
at com.actitime.pom.TaskListPage.getNewCustomerOption(TaskListPage.java:41)
at com.actitime.pom.TaskListPage.getNewCustomerOption(TaskListPage.java:41)
at com.actitime.pom.TaskListPage.getNewCustomerOption(TaskListPage.java:41)
at com.actitime.pom.TaskListPage.getNewCustomerOption(TaskListPage.java:41)
at com.actitime.pom.TaskListPage.getNewCustomerOption(TaskListPage.java:41)
at com.actitime.pom.TaskListPage.getNewCustomerOption(TaskListPage.java:41)
at com.actitime.pom.TaskListPage.getNewCustomerOption(TaskListPage.java:41)
at com.actitime.pom.TaskListPage.getNewCustomerOption(TaskListPage.java:41)
at com.actitime.pom.TaskListPage.getNewCustomerOption(TaskListPage.java:41)
at com.actitime.pom.TaskListPage.getNewCustomerOption(TaskListPage.java:41)
at com.actitime.pom.TaskListPage.getNewCustomerOption(TaskListPage.java:41)
at com.actitime.pom.TaskListPage.getNewCustomerOption(TaskListPage.java:41)
at com.actitime.pom.TaskListPage.getNewCustomerOption(TaskListPage.java:41)
at com.actitime.pom.TaskListPage.getNewCustomerOption(TaskListPage.java:41)
at com.actitime.pom.TaskListPage.getNewCustomerOption(TaskListPage.java:41)
at com.actitime.pom.TaskListPage.getNewCustomerOption(TaskListPage.java:41)
at com.actitime.pom.TaskListPage.getNewCustomerOption(TaskListPage.java:41)
at com.actitime.pom.TaskListPage.getNewCustomerOption(TaskListPage.java:41)
at com.actitime.pom.TaskListPage.getNewCustomerOption(TaskListPage.java:41)
at com.actitime.pom.TaskListPage.getNewCustomerOption(TaskListPage.java:41)
at com.actitime.pom.TaskListPage.getNewCustomerOption(TaskListPage.java:41)
at com.actitime.pom.TaskListPage.getNewCustomerOption(TaskListPage.java:41)
at com.actitime.pom.TaskListPage.getNewCustomerOption(TaskListPage.java:41)
at com.actitime.pom.TaskListPage.getNewCustomerOption(TaskListPage.java:41)
at com.actitime.pom.TaskListPage.getNewCustomerOption(TaskListPage.java:41)
at com.actitime.pom.TaskListPage.getNewCustomerOption(TaskListPage.java:41)
at com.actitime.pom.TaskListPage.getNewCustomerOption(TaskListPage.java:41)
at com.actitime.pom.TaskListPage.getNewCustomerOption(TaskListPage.java:41)
at com.actitime.pom.TaskListPage.getNewCustomerOption(TaskListPage.java:41)
at com.actitime.pom.TaskListPage.getNewCustomerOption(TaskListPage.java:41)
at com.actitime.pom.TaskListPage.getNewCustomerOption(TaskListPage.java:41)
at com.actitime.pom.TaskListPage.getNewCustomerOption(TaskListPage.java:41)
at com.actitime.pom.TaskListPage.getNewCustomerOption(TaskListPage.java:41)
at com.actitime.pom.TaskListPage.getNewCustomerOption(TaskListPage.java:41)
at com.actitime.pom.TaskListPage.getNewCustomerOption(TaskListPage.java:41)
at com.actitime.pom.TaskListPage.getNewCustomerOption(TaskListPage.java:41)
at com.actitime.pom.TaskListPage.getNewCustomerOption(TaskListPage.java:41)
at com.actitime.pom.TaskListPage.getNewCustomerOption(TaskListPage.java:41)
at com.actitime.pom.TaskListPage.getNewCustomerOption(TaskListPage.java:41)
at com.actitime.pom.TaskListPage.getNewCustomerOption(TaskListPage.java:41)
at com.actitime.pom.TaskListPage.getNewCustomerOption(TaskListPage.java:41)
at com.actitime.pom.TaskListPage.getNewCustomerOption(TaskListPage.java:41)
at com.actitime.pom.TaskListPage.getNewCustomerOption(TaskListPage.java:41)
at com.actitime.pom.TaskListPage.getNewCustomerOption(TaskListPage.java:41)
at com.actitime.pom.TaskListPage.getNewCustomerOption(TaskListPage.java:41)
at com.actitime.pom.TaskListPage.getNewCustomerOption(TaskListPage.java:41)
at com.actitime.pom.TaskListPage.getNewCustomerOption(TaskListPage.java:41)
at com.actitime.pom.TaskListPage.getNewCustomerOption(TaskListPage.java:41)
at com.actitime.pom.TaskListPage.getNewCustomerOption(TaskListPage.java:41)
at com.actitime.pom.TaskListPage.getNewCustomerOption(TaskListPage.java:41)
at com.actitime.pom.TaskListPage.getNewCustomerOption(TaskListPage.java:41)
at com.actitime.pom.TaskListPage.getNewCustomerOption(TaskListPage.java:41)
at com.actitime.pom.TaskListPage.getNewCustomerOption(TaskListPage.java:41)
at com.actitime.pom.TaskListPage.getNewCustomerOption(TaskListPage.java:41)
at com.actitime.pom.TaskListPage.getNewCustomerOption(TaskListPage.java:41)
at com.actitime.pom.TaskListPage.getNewCustomerOption(TaskListPage.java:41)
at com.actitime.pom.TaskListPage.getNewCustomerOption(TaskListPage.java:41)
at com.actitime.pom.TaskListPage.getNewCustomerOption(TaskListPage.java:41)
at com.actitime.pom.TaskListPage.getNewCustomerOption(TaskListPage.java:41)
at com.actitime.pom.TaskListPage.getNewCustomerOption(TaskListPage.java:41)
at com.actitime.pom.TaskListPage.getNewCustomerOption(TaskListPage.java:41)
at com.actitime.pom.TaskListPage.getNewCustomerOption(TaskListPage.java:41)
at com.actitime.pom.TaskListPage.getNewCustomerOption(TaskListPage.java:41)
at com.actitime.pom.TaskListPage.getNewCustomerOption(TaskListPage.java:41)
at com.actitime.pom.TaskListPage.getNewCustomerOption(TaskListPage.java:41)
at com.actitime.pom.TaskListPage.getNewCustomerOption(TaskListPage.java:41)
at com.actitime.pom.TaskListPage.getNewCustomerOption(TaskListPage.java:41)
at com.actitime.pom.TaskListPage.getNewCustomerOption(TaskListPage.java:41)
at com.actitime.pom.TaskListPage.getNewCustomerOption(TaskListPage.java:41)
at com.actitime.pom.TaskListPage.getNewCustomerOption(TaskListPage.java:41)
at com.actitime.pom.TaskListPage.getNewCustomerOption(TaskListPage.java:41)
at com.actitime.pom.TaskListPage.getNewCustomerOption(TaskListPage.java:41)
at com.actitime.pom.TaskListPage.getNewCustomerOption(TaskListPage.java:41)
at com.actitime.pom.TaskListPage.getNewCustomerOption(TaskListPage.java:41)
at com.actitime.pom.TaskListPage.getNewCustomerOption(TaskListPage.java:41)
at com.actitime.pom.TaskListPage.getNewCustomerOption(TaskListPage.java:41)
at com.actitime.pom.TaskListPage.getNewCustomerOption(TaskListPage.java:41)
at com.actitime.pom.TaskListPage.getNewCustomerOption(TaskListPage.java:41)
at com.actitime.pom.TaskListPage.getNewCustomerOption(TaskListPage.java:41)
at com.actitime.pom.TaskListPage.getNewCustomerOption(TaskListPage.java:41)
at com.actitime.pom.TaskListPage.getNewCustomerOption(TaskListPage.java:41)
at com.actitime.pom.TaskListPage.getNewCustomerOption(TaskListPage.java:41)
at com.actitime.pom.TaskListPage.getNewCustomerOption(TaskListPage.java:41)
at com.actitime.pom.TaskListPage.getNewCustomerOption(TaskListPage.java:41)
at com.actitime.pom.TaskListPage.getNewCustomerOption(TaskListPage.java:41)
at com.actitime.pom.TaskListPage.getNewCustomerOption(TaskListPage.java:41)
at com.actitime.pom.TaskListPage.getNewCustomerOption(TaskListPage.java:41)
at com.actitime.pom.TaskListPage.getNewCustomerOption(TaskListPage.java:41)
at com.actitime.pom.TaskListPage.getNewCustomerOption(TaskListPage.java:41)
at com.actitime.pom.TaskListPage.getNewCustomerOption(TaskListPage.java:41)
at com.actitime.pom.TaskListPage.getNewCustomerOption(TaskListPage.java:41)
at com.actitime.pom.TaskListPage.getNewCustomerOption(TaskListPage.java:41)
at com.actitime.pom.TaskListPage.getNewCustomerOption(TaskListPage.java:41)
at com.actitime.pom.TaskListPage.getNewCustomerOption(TaskListPage.java:41)
at com.actitime.pom.TaskListPage.getNewCustomerOption(TaskListPage.java:41)
at com.actitime.pom.TaskListPage.getNewCustomerOption(TaskListPage.java:41)
at com.actitime.pom.TaskListPage.getNewCustomerOption(TaskListPage.java:41)
at com.actitime.pom.TaskListPage.getNewCustomerOption(TaskListPage.java:41)
at com.actitime.pom.TaskListPage.getNewCustomerOption(TaskListPage.java:41)
at com.actitime.pom.TaskListPage.getNewCustomerOption(TaskListPage.java:41)
at com.actitime.pom.TaskListPage.getNewCustomerOption(TaskListPage.java:41)
at com.actitime.pom.TaskListPage.getNewCustomerOption(TaskListPage.java:41)
at com.actitime.pom.TaskListPage.getNewCustomerOption(TaskListPage.java:41)
at com.actitime.pom.TaskListPage.getNewCustomerOption(TaskListPage.java:41)
at com.actitime.pom.TaskListPage.getNewCustomerOption(TaskListPage.java:41)
at com.actitime.pom.TaskListPage.getNewCustomerOption(TaskListPage.java:41)
at com.actitime.pom.TaskListPage.getNewCustomerOption(TaskListPage.java:41)
at com.actitime.pom.TaskListPage.getNewCustomerOption(TaskListPage.java:41)
at com.actitime.pom.TaskListPage.getNewCustomerOption(TaskListPage.java:41)
at com.actitime.pom.TaskListPage.getNewCustomerOption(TaskListPage.java:41)
at com.actitime.pom.TaskListPage.getNewCustomerOption(TaskListPage.java:41)
at com.actitime.pom.TaskListPage.getNewCustomerOption(TaskListPage.java:41)
at com.actitime.pom.TaskListPage.getNewCustomerOption(TaskListPage.java:41)
at com.actitime.pom.TaskListPage.getNewCustomerOption(TaskListPage.java:41)
at com.actitime.pom.TaskListPage.getNewCustomerOption(TaskListPage.java:41)
at com.actitime.pom.TaskListPage.getNewCustomerOption(TaskListPage.java:41)
at com.actitime.pom.TaskListPage.getNewCustomerOption(TaskListPage.java:41)
at com.actitime.pom.TaskListPage.getNewCustomerOption(TaskListPage.java:41)
at com.actitime.pom.TaskListPage.getNewCustomerOption(TaskListPage.java:41)
at com.actitime.pom.TaskListPage.getNewCustomerOption(TaskListPage.java:41)
at com.actitime.pom.TaskListPage.getNewCustomerOption(TaskListPage.java:41)
at com.actitime.pom.TaskListPage.getNewCustomerOption(TaskListPage.java:41)
at com.actitime.pom.TaskListPage.getNewCustomerOption(TaskListPage.java:41)
at com.actitime.pom.TaskListPage.getNewCustomerOption(TaskListPage.java:41)
at com.actitime.pom.TaskListPage.getNewCustomerOption(TaskListPage.java:41)
at com.actitime.pom.TaskListPage.getNewCustomerOption(TaskListPage.java:41)
at com.actitime.pom.TaskListPage.getNewCustomerOption(TaskListPage.java:41)
at com.actitime.pom.TaskListPage.getNewCustomerOption(TaskListPage.java:41)
at com.actitime.pom.TaskListPage.getNewCustomerOption(TaskListPage.java:41)
at com.actitime.pom.TaskListPage.getNewCustomerOption(TaskListPage.java:41)
at com.actitime.pom.TaskListPage.getNewCustomerOption(TaskListPage.java:41)
at com.actitime.pom.TaskListPage.getNewCustomerOption(TaskListPage.java:41)
at com.actitime.pom.TaskListPage.getNewCustomerOption(TaskListPage.java:41)
at com.actitime.pom.TaskListPage.getNewCustomerOption(TaskListPage.java:41)
at com.actitime.pom.TaskListPage.getNewCustomerOption(TaskListPage.java:41)
at com.actitime.pom.TaskListPage.getNewCustomerOption(TaskListPage.java:41)
at com.actitime.pom.TaskListPage.getNewCustomerOption(TaskListPage.java:41)
at com.actitime.pom.TaskListPage.getNewCustomerOption(TaskListPage.java:41)
at com.actitime.pom.TaskListPage.getNewCustomerOption(TaskListPage.java:41)
at com.actitime.pom.TaskListPage.getNewCustomerOption(TaskListPage.java:41)
at com.actitime.pom.TaskListPage.getNewCustomerOption(TaskListPage.java:41)
at com.actitime.pom.TaskListPage.getNewCustomerOption(TaskListPage.java:41)
at com.actitime.pom.TaskListPage.getNewCustomerOption(TaskListPage.java:41)
at com.actitime.pom.TaskListPage.getNewCustomerOption(TaskListPage.java:41)
at com.actitime.pom.TaskListPage.getNewCustomerOption(TaskListPage.java:41)
at com.actitime.pom.TaskListPage.getNewCustomerOption(TaskListPage.java:41)
at com.actitime.pom.TaskListPage.getNewCustomerOption(TaskListPage.java:41)
]]>
    </failure>
  </testcase> <!-- testCreateCustomer -->
</testsuite> <!-- Default test -->
