<?xml version="1.0" encoding="UTF-8"?>
<testng-results ignored="0" total="1" passed="0" failed="1" skipped="0">
  <reporter-output>
    <line>
      <![CDATA[openBrowser]]>
    </line>
    <line>
      <![CDATA[login]]>
    </line>
    <line>
      <![CDATA[Sheet1]]>
    </line>
    <line>
      <![CDATA[logout]]>
    </line>
    <line>
      <![CDATA[closeBrowser]]>
    </line>
  </reporter-output>
  <suite started-at="2023-12-30T20:40:20 IST" name="Default suite" finished-at="2023-12-30T20:40:29 IST" duration-ms="9172">
    <groups>
    </groups>
    <test started-at="2023-12-30T20:40:20 IST" name="Default test" finished-at="2023-12-30T20:40:29 IST" duration-ms="9172">
      <class name="com.actitime.testscript.CustomerModule">
        <test-method is-config="true" signature="openBrowser()[pri:0, instance:com.actitime.testscript.CustomerModule@62150f9e]" started-at="2023-12-30T20:40:20 IST" name="openBrowser" finished-at="2023-12-30T20:40:22 IST" duration-ms="2251" status="PASS">
          <reporter-output>
            <line>
              <![CDATA[openBrowser]]>
            </line>
          </reporter-output>
        </test-method> <!-- openBrowser -->
        <test-method is-config="true" signature="login()[pri:0, instance:com.actitime.testscript.CustomerModule@62150f9e]" started-at="2023-12-30T20:40:22 IST" name="login" finished-at="2023-12-30T20:40:23 IST" duration-ms="558" status="PASS">
          <reporter-output>
            <line>
              <![CDATA[login]]>
            </line>
          </reporter-output>
        </test-method> <!-- login -->
        <test-method signature="testCreateCustomer()[pri:0, instance:com.actitime.testscript.CustomerModule@62150f9e]" started-at="2023-12-30T20:40:23 IST" name="testCreateCustomer" finished-at="2023-12-30T20:40:26 IST" duration-ms="3516" status="FAIL">
          <exception class="java.lang.StackOverflowError">
            <full-stacktrace>
              <![CDATA[java.lang.StackOverflowError
at com.actitime.pom.TaskListPage.getNewCustomerOption(TaskListPage.java:41)
at com.actitime.pom.TaskListPage.getNewCustomerOption(TaskListPage.java:41)
at com.actitime.pom.TaskListPage.getNewCustomerOption(TaskListPage.java:41)
at com.actitime.pom.TaskListPage.getNewCustomerOption(TaskListPage.java:41)
at com.actitime.pom.TaskListPage.getNewCustomerOption(TaskListPage.java:41)
at com.actitime.pom.TaskListPage.getNewCustomerOption(TaskListPage.java:41)
at com.actitime.pom.TaskListPage.getNewCustomerOption(TaskListPage.java:41)
at com.actitime.pom.TaskListPage.getNewCustomerOption(TaskListPage.java:41)
at com.actitime.pom.TaskListPage.getNewCustomerOption(TaskListPage.java:41)
at com.actitime.pom.TaskListPage.getNewCustomerOption(TaskListPage.java:41)
at com.actitime.pom.TaskListPage.getNewCustomerOption(TaskListPage.java:41)
at com.actitime.pom.TaskListPage.getNewCustomerOption(TaskListPage.java:41)
at com.actitime.pom.TaskListPage.getNewCustomerOption(TaskListPage.java:41)
at com.actitime.pom.TaskListPage.getNewCustomerOption(TaskListPage.java:41)
at com.actitime.pom.TaskListPage.getNewCustomerOption(TaskListPage.java:41)
at com.actitime.pom.TaskListPage.getNewCustomerOption(TaskListPage.java:41)
at com.actitime.pom.TaskListPage.getNewCustomerOption(TaskListPage.java:41)
at com.actitime.pom.TaskListPage.getNewCustomerOption(TaskListPage.java:41)
at com.actitime.pom.TaskListPage.getNewCustomerOption(TaskListPage.java:41)
at com.actitime.pom.TaskListPage.getNewCustomerOption(TaskListPage.java:41)
at com.actitime.pom.TaskListPage.getNewCustomerOption(TaskListPage.java:41)
at com.actitime.pom.TaskListPage.getNewCustomerOption(TaskListPage.java:41)
at com.actitime.pom.TaskListPage.getNewCustomerOption(TaskListPage.java:41)
at com.actitime.pom.TaskListPage.getNewCustomerOption(TaskListPage.java:41)
at com.actitime.pom.TaskListPage.getNewCustomerOption(TaskListPage.java:41)
at com.actitime.pom.TaskListPage.getNewCustomerOption(TaskListPage.java:41)
at com.actitime.pom.TaskListPage.getNewCustomerOption(TaskListPage.java:41)
at com.actitime.pom.TaskListPage.getNewCustomerOption(TaskListPage.java:41)
at com.actitime.pom.TaskListPage.getNewCustomerOption(TaskListPage.java:41)
at com.actitime.pom.TaskListPage.getNewCustomerOption(TaskListPage.java:41)
at com.actitime.pom.TaskListPage.getNewCustomerOption(TaskListPage.java:41)
at com.actitime.pom.TaskListPage.getNewCustomerOption(TaskListPage.java:41)
at com.actitime.pom.TaskListPage.getNewCustomerOption(TaskListPage.java:41)
at com.actitime.pom.TaskListPage.getNewCustomerOption(TaskListPage.java:41)
at com.actitime.pom.TaskListPage.getNewCustomerOption(TaskListPage.java:41)
at com.actitime.pom.TaskListPage.getNewCustomerOption(TaskListPage.java:41)
at com.actitime.pom.TaskListPage.getNewCustomerOption(TaskListPage.java:41)
at com.actitime.pom.TaskListPage.getNewCustomerOption(TaskListPage.java:41)
at com.actitime.pom.TaskListPage.getNewCustomerOption(TaskListPage.java:41)
at com.actitime.pom.TaskListPage.getNewCustomerOption(TaskListPage.java:41)
at com.actitime.pom.TaskListPage.getNewCustomerOption(TaskListPage.java:41)
at com.actitime.pom.TaskListPage.getNewCustomerOption(TaskListPage.java:41)
at com.actitime.pom.TaskListPage.getNewCustomerOption(TaskListPage.java:41)
at com.actitime.pom.TaskListPage.getNewCustomerOption(TaskListPage.java:41)
at com.actitime.pom.TaskListPage.getNewCustomerOption(TaskListPage.java:41)
at com.actitime.pom.TaskListPage.getNewCustomerOption(TaskListPage.java:41)
at com.actitime.pom.TaskListPage.getNewCustomerOption(TaskListPage.java:41)
at com.actitime.pom.TaskListPage.getNewCustomerOption(TaskListPage.java:41)
at com.actitime.pom.TaskListPage.getNewCustomerOption(TaskListPage.java:41)
at com.actitime.pom.TaskListPage.getNewCustomerOption(TaskListPage.java:41)
at com.actitime.pom.TaskListPage.getNewCustomerOption(TaskListPage.java:41)
at com.actitime.pom.TaskListPage.getNewCustomerOption(TaskListPage.java:41)
at com.actitime.pom.TaskListPage.getNewCustomerOption(TaskListPage.java:41)
at com.actitime.pom.TaskListPage.getNewCustomerOption(TaskListPage.java:41)
at com.actitime.pom.TaskListPage.getNewCustomerOption(TaskListPage.java:41)
at com.actitime.pom.TaskListPage.getNewCustomerOption(TaskListPage.java:41)
at com.actitime.pom.TaskListPage.getNewCustomerOption(TaskListPage.java:41)
at com.actitime.pom.TaskListPage.getNewCustomerOption(TaskListPage.java:41)
at com.actitime.pom.TaskListPage.getNewCustomerOption(TaskListPage.java:41)
at com.actitime.pom.TaskListPage.getNewCustomerOption(TaskListPage.java:41)
at com.actitime.pom.TaskListPage.getNewCustomerOption(TaskListPage.java:41)
at com.actitime.pom.TaskListPage.getNewCustomerOption(TaskListPage.java:41)
at com.actitime.pom.TaskListPage.getNewCustomerOption(TaskListPage.java:41)
at com.actitime.pom.TaskListPage.getNewCustomerOption(TaskListPage.java:41)
at com.actitime.pom.TaskListPage.getNewCustomerOption(TaskListPage.java:41)
at com.actitime.pom.TaskListPage.getNewCustomerOption(TaskListPage.java:41)
at com.actitime.pom.TaskListPage.getNewCustomerOption(TaskListPage.java:41)
at com.actitime.pom.TaskListPage.getNewCustomerOption(TaskListPage.java:41)
at com.actitime.pom.TaskListPage.getNewCustomerOption(TaskListPage.java:41)
at com.actitime.pom.TaskListPage.getNewCustomerOption(TaskListPage.java:41)
at com.actitime.pom.TaskListPage.getNewCustomerOption(TaskListPage.java:41)
at com.actitime.pom.TaskListPage.getNewCustomerOption(TaskListPage.java:41)
at com.actitime.pom.TaskListPage.getNewCustomerOption(TaskListPage.java:41)
at com.actitime.pom.TaskListPage.getNewCustomerOption(TaskListPage.java:41)
at com.actitime.pom.TaskListPage.getNewCustomerOption(TaskListPage.java:41)
at com.actitime.pom.TaskListPage.getNewCustomerOption(TaskListPage.java:41)
at com.actitime.pom.TaskListPage.getNewCustomerOption(TaskListPage.java:41)
at com.actitime.pom.TaskListPage.getNewCustomerOption(TaskListPage.java:41)
at com.actitime.pom.TaskListPage.getNewCustomerOption(TaskListPage.java:41)
at com.actitime.pom.TaskListPage.getNewCustomerOption(TaskListPage.java:41)
at com.actitime.pom.TaskListPage.getNewCustomerOption(TaskListPage.java:41)
at com.actitime.pom.TaskListPage.getNewCustomerOption(TaskListPage.java:41)
at com.actitime.pom.TaskListPage.getNewCustomerOption(TaskListPage.java:41)
at com.actitime.pom.TaskListPage.getNewCustomerOption(TaskListPage.java:41)
at com.actitime.pom.TaskListPage.getNewCustomerOption(TaskListPage.java:41)
at com.actitime.pom.TaskListPage.getNewCustomerOption(TaskListPage.java:41)
at com.actitime.pom.TaskListPage.getNewCustomerOption(TaskListPage.java:41)
at com.actitime.pom.TaskListPage.getNewCustomerOption(TaskListPage.java:41)
at com.actitime.pom.TaskListPage.getNewCustomerOption(TaskListPage.java:41)
at com.actitime.pom.TaskListPage.getNewCustomerOption(TaskListPage.java:41)
at com.actitime.pom.TaskListPage.getNewCustomerOption(TaskListPage.java:41)
at com.actitime.pom.TaskListPage.getNewCustomerOption(TaskListPage.java:41)
at com.actitime.pom.TaskListPage.getNewCustomerOption(TaskListPage.java:41)
at com.actitime.pom.TaskListPage.getNewCustomerOption(TaskListPage.java:41)
at com.actitime.pom.TaskListPage.getNewCustomerOption(TaskListPage.java:41)
at com.actitime.pom.TaskListPage.getNewCustomerOption(TaskListPage.java:41)
at com.actitime.pom.TaskListPage.getNewCustomerOption(TaskListPage.java:41)
at com.actitime.pom.TaskListPage.getNewCustomerOption(TaskListPage.java:41)
at com.actitime.pom.TaskListPage.getNewCustomerOption(TaskListPage.java:41)
at com.actitime.pom.TaskListPage.getNewCustomerOption(TaskListPage.java:41)
at com.actitime.pom.TaskListPage.getNewCustomerOption(TaskListPage.java:41)
at com.actitime.pom.TaskListPage.getNewCustomerOption(TaskListPage.java:41)
at com.actitime.pom.TaskListPage.getNewCustomerOption(TaskListPage.java:41)
at com.actitime.pom.TaskListPage.getNewCustomerOption(TaskListPage.java:41)
at com.actitime.pom.TaskListPage.getNewCustomerOption(TaskListPage.java:41)
at com.actitime.pom.TaskListPage.getNewCustomerOption(TaskListPage.java:41)
at com.actitime.pom.TaskListPage.getNewCustomerOption(TaskListPage.java:41)
at com.actitime.pom.TaskListPage.getNewCustomerOption(TaskListPage.java:41)
at com.actitime.pom.TaskListPage.getNewCustomerOption(TaskListPage.java:41)
at com.actitime.pom.TaskListPage.getNewCustomerOption(TaskListPage.java:41)
at com.actitime.pom.TaskListPage.getNewCustomerOption(TaskListPage.java:41)
at com.actitime.pom.TaskListPage.getNewCustomerOption(TaskListPage.java:41)
at com.actitime.pom.TaskListPage.getNewCustomerOption(TaskListPage.java:41)
at com.actitime.pom.TaskListPage.getNewCustomerOption(TaskListPage.java:41)
at com.actitime.pom.TaskListPage.getNewCustomerOption(TaskListPage.java:41)
at com.actitime.pom.TaskListPage.getNewCustomerOption(TaskListPage.java:41)
at com.actitime.pom.TaskListPage.getNewCustomerOption(TaskListPage.java:41)
at com.actitime.pom.TaskListPage.getNewCustomerOption(TaskListPage.java:41)
at com.actitime.pom.TaskListPage.getNewCustomerOption(TaskListPage.java:41)
at com.actitime.pom.TaskListPage.getNewCustomerOption(TaskListPage.java:41)
at com.actitime.pom.TaskListPage.getNewCustomerOption(TaskListPage.java:41)
at com.actitime.pom.TaskListPage.getNewCustomerOption(TaskListPage.java:41)
at com.actitime.pom.TaskListPage.getNewCustomerOption(TaskListPage.java:41)
at com.actitime.pom.TaskListPage.getNewCustomerOption(TaskListPage.java:41)
at com.actitime.pom.TaskListPage.getNewCustomerOption(TaskListPage.java:41)
at com.actitime.pom.TaskListPage.getNewCustomerOption(TaskListPage.java:41)
at com.actitime.pom.TaskListPage.getNewCustomerOption(TaskListPage.java:41)
at com.actitime.pom.TaskListPage.getNewCustomerOption(TaskListPage.java:41)
at com.actitime.pom.TaskListPage.getNewCustomerOption(TaskListPage.java:41)
at com.actitime.pom.TaskListPage.getNewCustomerOption(TaskListPage.java:41)
at com.actitime.pom.TaskListPage.getNewCustomerOption(TaskListPage.java:41)
at com.actitime.pom.TaskListPage.getNewCustomerOption(TaskListPage.java:41)
at com.actitime.pom.TaskListPage.getNewCustomerOption(TaskListPage.java:41)
at com.actitime.pom.TaskListPage.getNewCustomerOption(TaskListPage.java:41)
at com.actitime.pom.TaskListPage.getNewCustomerOption(TaskListPage.java:41)
at com.actitime.pom.TaskListPage.getNewCustomerOption(TaskListPage.java:41)
at com.actitime.pom.TaskListPage.getNewCustomerOption(TaskListPage.java:41)
at com.actitime.pom.TaskListPage.getNewCustomerOption(TaskListPage.java:41)
at com.actitime.pom.TaskListPage.getNewCustomerOption(TaskListPage.java:41)
at com.actitime.pom.TaskListPage.getNewCustomerOption(TaskListPage.java:41)
at com.actitime.pom.TaskListPage.getNewCustomerOption(TaskListPage.java:41)
at com.actitime.pom.TaskListPage.getNewCustomerOption(TaskListPage.java:41)
at com.actitime.pom.TaskListPage.getNewCustomerOption(TaskListPage.java:41)
at com.actitime.pom.TaskListPage.getNewCustomerOption(TaskListPage.java:41)
at com.actitime.pom.TaskListPage.getNewCustomerOption(TaskListPage.java:41)
at com.actitime.pom.TaskListPage.getNewCustomerOption(TaskListPage.java:41)
at com.actitime.pom.TaskListPage.getNewCustomerOption(TaskListPage.java:41)
at com.actitime.pom.TaskListPage.getNewCustomerOption(TaskListPage.java:41)
at com.actitime.pom.TaskListPage.getNewCustomerOption(TaskListPage.java:41)
at com.actitime.pom.TaskListPage.getNewCustomerOption(TaskListPage.java:41)
at com.actitime.pom.TaskListPage.getNewCustomerOption(TaskListPage.java:41)
at com.actitime.pom.TaskListPage.getNewCustomerOption(TaskListPage.java:41)
at com.actitime.pom.TaskListPage.getNewCustomerOption(TaskListPage.java:41)
at com.actitime.pom.TaskListPage.getNewCustomerOption(TaskListPage.java:41)
at com.actitime.pom.TaskListPage.getNewCustomerOption(TaskListPage.java:41)
at com.actitime.pom.TaskListPage.getNewCustomerOption(TaskListPage.java:41)
at com.actitime.pom.TaskListPage.getNewCustomerOption(TaskListPage.java:41)
at com.actitime.pom.TaskListPage.getNewCustomerOption(TaskListPage.java:41)
at com.actitime.pom.TaskListPage.getNewCustomerOption(TaskListPage.java:41)
at com.actitime.pom.TaskListPage.getNewCustomerOption(TaskListPage.java:41)
at com.actitime.pom.TaskListPage.getNewCustomerOption(TaskListPage.java:41)
at com.actitime.pom.TaskListPage.getNewCustomerOption(TaskListPage.java:41)
at com.actitime.pom.TaskListPage.getNewCustomerOption(TaskListPage.java:41)
at com.actitime.pom.TaskListPage.getNewCustomerOption(TaskListPage.java:41)
at com.actitime.pom.TaskListPage.getNewCustomerOption(TaskListPage.java:41)
at com.actitime.pom.TaskListPage.getNewCustomerOption(TaskListPage.java:41)
at com.actitime.pom.TaskListPage.getNewCustomerOption(TaskListPage.java:41)
at com.actitime.pom.TaskListPage.getNewCustomerOption(TaskListPage.java:41)
at com.actitime.pom.TaskListPage.getNewCustomerOption(TaskListPage.java:41)
at com.actitime.pom.TaskListPage.getNewCustomerOption(TaskListPage.java:41)
at com.actitime.pom.TaskListPage.getNewCustomerOption(TaskListPage.java:41)
at com.actitime.pom.TaskListPage.getNewCustomerOption(TaskListPage.java:41)
at com.actitime.pom.TaskListPage.getNewCustomerOption(TaskListPage.java:41)
at com.actitime.pom.TaskListPage.getNewCustomerOption(TaskListPage.java:41)
at com.actitime.pom.TaskListPage.getNewCustomerOption(TaskListPage.java:41)
at com.actitime.pom.TaskListPage.getNewCustomerOption(TaskListPage.java:41)
at com.actitime.pom.TaskListPage.getNewCustomerOption(TaskListPage.java:41)
at com.actitime.pom.TaskListPage.getNewCustomerOption(TaskListPage.java:41)
at com.actitime.pom.TaskListPage.getNewCustomerOption(TaskListPage.java:41)
at com.actitime.pom.TaskListPage.getNewCustomerOption(TaskListPage.java:41)
at com.actitime.pom.TaskListPage.getNewCustomerOption(TaskListPage.java:41)
at com.actitime.pom.TaskListPage.getNewCustomerOption(TaskListPage.java:41)
at com.actitime.pom.TaskListPage.getNewCustomerOption(TaskListPage.java:41)
at com.actitime.pom.TaskListPage.getNewCustomerOption(TaskListPage.java:41)
at com.actitime.pom.TaskListPage.getNewCustomerOption(TaskListPage.java:41)
at com.actitime.pom.TaskListPage.getNewCustomerOption(TaskListPage.java:41)
at com.actitime.pom.TaskListPage.getNewCustomerOption(TaskListPage.java:41)
at com.actitime.pom.TaskListPage.getNewCustomerOption(TaskListPage.java:41)
at com.actitime.pom.TaskListPage.getNewCustomerOption(TaskListPage.java:41)
at com.actitime.pom.TaskListPage.getNewCustomerOption(TaskListPage.java:41)
at com.actitime.pom.TaskListPage.getNewCustomerOption(TaskListPage.java:41)
at com.actitime.pom.TaskListPage.getNewCustomerOption(TaskListPage.java:41)
at com.actitime.pom.TaskListPage.getNewCustomerOption(TaskListPage.java:41)
at com.actitime.pom.TaskListPage.getNewCustomerOption(TaskListPage.java:41)
at com.actitime.pom.TaskListPage.getNewCustomerOption(TaskListPage.java:41)
at com.actitime.pom.TaskListPage.getNewCustomerOption(TaskListPage.java:41)
at com.actitime.pom.TaskListPage.getNewCustomerOption(TaskListPage.java:41)
at com.actitime.pom.TaskListPage.getNewCustomerOption(TaskListPage.java:41)
at com.actitime.pom.TaskListPage.getNewCustomerOption(TaskListPage.java:41)
at com.actitime.pom.TaskListPage.getNewCustomerOption(TaskListPage.java:41)
at com.actitime.pom.TaskListPage.getNewCustomerOption(TaskListPage.java:41)
at com.actitime.pom.TaskListPage.getNewCustomerOption(TaskListPage.java:41)
at com.actitime.pom.TaskListPage.getNewCustomerOption(TaskListPage.java:41)
at com.actitime.pom.TaskListPage.getNewCustomerOption(TaskListPage.java:41)
at com.actitime.pom.TaskListPage.getNewCustomerOption(TaskListPage.java:41)
at com.actitime.pom.TaskListPage.getNewCustomerOption(TaskListPage.java:41)
at com.actitime.pom.TaskListPage.getNewCustomerOption(TaskListPage.java:41)
at com.actitime.pom.TaskListPage.getNewCustomerOption(TaskListPage.java:41)
at com.actitime.pom.TaskListPage.getNewCustomerOption(TaskListPage.java:41)
at com.actitime.pom.TaskListPage.getNewCustomerOption(TaskListPage.java:41)
at com.actitime.pom.TaskListPage.getNewCustomerOption(TaskListPage.java:41)
at com.actitime.pom.TaskListPage.getNewCustomerOption(TaskListPage.java:41)
at com.actitime.pom.TaskListPage.getNewCustomerOption(TaskListPage.java:41)
at com.actitime.pom.TaskListPage.getNewCustomerOption(TaskListPage.java:41)
at com.actitime.pom.TaskListPage.getNewCustomerOption(TaskListPage.java:41)
at com.actitime.pom.TaskListPage.getNewCustomerOption(TaskListPage.java:41)
at com.actitime.pom.TaskListPage.getNewCustomerOption(TaskListPage.java:41)
at com.actitime.pom.TaskListPage.getNewCustomerOption(TaskListPage.java:41)
at com.actitime.pom.TaskListPage.getNewCustomerOption(TaskListPage.java:41)
at com.actitime.pom.TaskListPage.getNewCustomerOption(TaskListPage.java:41)
at com.actitime.pom.TaskListPage.getNewCustomerOption(TaskListPage.java:41)
at com.actitime.pom.TaskListPage.getNewCustomerOption(TaskListPage.java:41)
at com.actitime.pom.TaskListPage.getNewCustomerOption(TaskListPage.java:41)
at com.actitime.pom.TaskListPage.getNewCustomerOption(TaskListPage.java:41)
at com.actitime.pom.TaskListPage.getNewCustomerOption(TaskListPage.java:41)
at com.actitime.pom.TaskListPage.getNewCustomerOption(TaskListPage.java:41)
at com.actitime.pom.TaskListPage.getNewCustomerOption(TaskListPage.java:41)
at com.actitime.pom.TaskListPage.getNewCustomerOption(TaskListPage.java:41)
at com.actitime.pom.TaskListPage.getNewCustomerOption(TaskListPage.java:41)
at com.actitime.pom.TaskListPage.getNewCustomerOption(TaskListPage.java:41)
at com.actitime.pom.TaskListPage.getNewCustomerOption(TaskListPage.java:41)
at com.actitime.pom.TaskListPage.getNewCustomerOption(TaskListPage.java:41)
at com.actitime.pom.TaskListPage.getNewCustomerOption(TaskListPage.java:41)
at com.actitime.pom.TaskListPage.getNewCustomerOption(TaskListPage.java:41)
at com.actitime.pom.TaskListPage.getNewCustomerOption(TaskListPage.java:41)
at com.actitime.pom.TaskListPage.getNewCustomerOption(TaskListPage.java:41)
at com.actitime.pom.TaskListPage.getNewCustomerOption(TaskListPage.java:41)
at com.actitime.pom.TaskListPage.getNewCustomerOption(TaskListPage.java:41)
at com.actitime.pom.TaskListPage.getNewCustomerOption(TaskListPage.java:41)
at com.actitime.pom.TaskListPage.getNewCustomerOption(TaskListPage.java:41)
at com.actitime.pom.TaskListPage.getNewCustomerOption(TaskListPage.java:41)
at com.actitime.pom.TaskListPage.getNewCustomerOption(TaskListPage.java:41)
at com.actitime.pom.TaskListPage.getNewCustomerOption(TaskListPage.java:41)
at com.actitime.pom.TaskListPage.getNewCustomerOption(TaskListPage.java:41)
at com.actitime.pom.TaskListPage.getNewCustomerOption(TaskListPage.java:41)
at com.actitime.pom.TaskListPage.getNewCustomerOption(TaskListPage.java:41)
at com.actitime.pom.TaskListPage.getNewCustomerOption(TaskListPage.java:41)
at com.actitime.pom.TaskListPage.getNewCustomerOption(TaskListPage.java:41)
at com.actitime.pom.TaskListPage.getNewCustomerOption(TaskListPage.java:41)
at com.actitime.pom.TaskListPage.getNewCustomerOption(TaskListPage.java:41)
at com.actitime.pom.TaskListPage.getNewCustomerOption(TaskListPage.java:41)
at com.actitime.pom.TaskListPage.getNewCustomerOption(TaskListPage.java:41)
at com.actitime.pom.TaskListPage.getNewCustomerOption(TaskListPage.java:41)
at com.actitime.pom.TaskListPage.getNewCustomerOption(TaskListPage.java:41)
at com.actitime.pom.TaskListPage.getNewCustomerOption(TaskListPage.java:41)
at com.actitime.pom.TaskListPage.getNewCustomerOption(TaskListPage.java:41)
at com.actitime.pom.TaskListPage.getNewCustomerOption(TaskListPage.java:41)
at com.actitime.pom.TaskListPage.getNewCustomerOption(TaskListPage.java:41)
at com.actitime.pom.TaskListPage.getNewCustomerOption(TaskListPage.java:41)
at com.actitime.pom.TaskListPage.getNewCustomerOption(TaskListPage.java:41)
at com.actitime.pom.TaskListPage.getNewCustomerOption(TaskListPage.java:41)
at com.actitime.pom.TaskListPage.getNewCustomerOption(TaskListPage.java:41)
at com.actitime.pom.TaskListPage.getNewCustomerOption(TaskListPage.java:41)
at com.actitime.pom.TaskListPage.getNewCustomerOption(TaskListPage.java:41)
at com.actitime.pom.TaskListPage.getNewCustomerOption(TaskListPage.java:41)
at com.actitime.pom.TaskListPage.getNewCustomerOption(TaskListPage.java:41)
at com.actitime.pom.TaskListPage.getNewCustomerOption(TaskListPage.java:41)
at com.actitime.pom.TaskListPage.getNewCustomerOption(TaskListPage.java:41)
at com.actitime.pom.TaskListPage.getNewCustomerOption(TaskListPage.java:41)
at com.actitime.pom.TaskListPage.getNewCustomerOption(TaskListPage.java:41)
at com.actitime.pom.TaskListPage.getNewCustomerOption(TaskListPage.java:41)
at com.actitime.pom.TaskListPage.getNewCustomerOption(TaskListPage.java:41)
at com.actitime.pom.TaskListPage.getNewCustomerOption(TaskListPage.java:41)
at com.actitime.pom.TaskListPage.getNewCustomerOption(TaskListPage.java:41)
at com.actitime.pom.TaskListPage.getNewCustomerOption(TaskListPage.java:41)
at com.actitime.pom.TaskListPage.getNewCustomerOption(TaskListPage.java:41)
at com.actitime.pom.TaskListPage.getNewCustomerOption(TaskListPage.java:41)
at com.actitime.pom.TaskListPage.getNewCustomerOption(TaskListPage.java:41)
at com.actitime.pom.TaskListPage.getNewCustomerOption(TaskListPage.java:41)
at com.actitime.pom.TaskListPage.getNewCustomerOption(TaskListPage.java:41)
at com.actitime.pom.TaskListPage.getNewCustomerOption(TaskListPage.java:41)
at com.actitime.pom.TaskListPage.getNewCustomerOption(TaskListPage.java:41)
at com.actitime.pom.TaskListPage.getNewCustomerOption(TaskListPage.java:41)
at com.actitime.pom.TaskListPage.getNewCustomerOption(TaskListPage.java:41)
at com.actitime.pom.TaskListPage.getNewCustomerOption(TaskListPage.java:41)
at com.actitime.pom.TaskListPage.getNewCustomerOption(TaskListPage.java:41)
at com.actitime.pom.TaskListPage.getNewCustomerOption(TaskListPage.java:41)
at com.actitime.pom.TaskListPage.getNewCustomerOption(TaskListPage.java:41)
at com.actitime.pom.TaskListPage.getNewCustomerOption(TaskListPage.java:41)
at com.actitime.pom.TaskListPage.getNewCustomerOption(TaskListPage.java:41)
at com.actitime.pom.TaskListPage.getNewCustomerOption(TaskListPage.java:41)
at com.actitime.pom.TaskListPage.getNewCustomerOption(TaskListPage.java:41)
at com.actitime.pom.TaskListPage.getNewCustomerOption(TaskListPage.java:41)
at com.actitime.pom.TaskListPage.getNewCustomerOption(TaskListPage.java:41)
at com.actitime.pom.TaskListPage.getNewCustomerOption(TaskListPage.java:41)
at com.actitime.pom.TaskListPage.getNewCustomerOption(TaskListPage.java:41)
at com.actitime.pom.TaskListPage.getNewCustomerOption(TaskListPage.java:41)
at com.actitime.pom.TaskListPage.getNewCustomerOption(TaskListPage.java:41)
at com.actitime.pom.TaskListPage.getNewCustomerOption(TaskListPage.java:41)
at com.actitime.pom.TaskListPage.getNewCustomerOption(TaskListPage.java:41)
at com.actitime.pom.TaskListPage.getNewCustomerOption(TaskListPage.java:41)
at com.actitime.pom.TaskListPage.getNewCustomerOption(TaskListPage.java:41)
at com.actitime.pom.TaskListPage.getNewCustomerOption(TaskListPage.java:41)
at com.actitime.pom.TaskListPage.getNewCustomerOption(TaskListPage.java:41)
at com.actitime.pom.TaskListPage.getNewCustomerOption(TaskListPage.java:41)
at com.actitime.pom.TaskListPage.getNewCustomerOption(TaskListPage.java:41)
at com.actitime.pom.TaskListPage.getNewCustomerOption(TaskListPage.java:41)
at com.actitime.pom.TaskListPage.getNewCustomerOption(TaskListPage.java:41)
at com.actitime.pom.TaskListPage.getNewCustomerOption(TaskListPage.java:41)
at com.actitime.pom.TaskListPage.getNewCustomerOption(TaskListPage.java:41)
at com.actitime.pom.TaskListPage.getNewCustomerOption(TaskListPage.java:41)
at com.actitime.pom.TaskListPage.getNewCustomerOption(TaskListPage.java:41)
at com.actitime.pom.TaskListPage.getNewCustomerOption(TaskListPage.java:41)
at com.actitime.pom.TaskListPage.getNewCustomerOption(TaskListPage.java:41)
at com.actitime.pom.TaskListPage.getNewCustomerOption(TaskListPage.java:41)
at com.actitime.pom.TaskListPage.getNewCustomerOption(TaskListPage.java:41)
at com.actitime.pom.TaskListPage.getNewCustomerOption(TaskListPage.java:41)
at com.actitime.pom.TaskListPage.getNewCustomerOption(TaskListPage.java:41)
at com.actitime.pom.TaskListPage.getNewCustomerOption(TaskListPage.java:41)
at com.actitime.pom.TaskListPage.getNewCustomerOption(TaskListPage.java:41)
at com.actitime.pom.TaskListPage.getNewCustomerOption(TaskListPage.java:41)
at com.actitime.pom.TaskListPage.getNewCustomerOption(TaskListPage.java:41)
at com.actitime.pom.TaskListPage.getNewCustomerOption(TaskListPage.java:41)
at com.actitime.pom.TaskListPage.getNewCustomerOption(TaskListPage.java:41)
at com.actitime.pom.TaskListPage.getNewCustomerOption(TaskListPage.java:41)
at com.actitime.pom.TaskListPage.getNewCustomerOption(TaskListPage.java:41)
at com.actitime.pom.TaskListPage.getNewCustomerOption(TaskListPage.java:41)
at com.actitime.pom.TaskListPage.getNewCustomerOption(TaskListPage.java:41)
at com.actitime.pom.TaskListPage.getNewCustomerOption(TaskListPage.java:41)
at com.actitime.pom.TaskListPage.getNewCustomerOption(TaskListPage.java:41)
at com.actitime.pom.TaskListPage.getNewCustomerOption(TaskListPage.java:41)
at com.actitime.pom.TaskListPage.getNewCustomerOption(TaskListPage.java:41)
at com.actitime.pom.TaskListPage.getNewCustomerOption(TaskListPage.java:41)
at com.actitime.pom.TaskListPage.getNewCustomerOption(TaskListPage.java:41)
at com.actitime.pom.TaskListPage.getNewCustomerOption(TaskListPage.java:41)
at com.actitime.pom.TaskListPage.getNewCustomerOption(TaskListPage.java:41)
at com.actitime.pom.TaskListPage.getNewCustomerOption(TaskListPage.java:41)
at com.actitime.pom.TaskListPage.getNewCustomerOption(TaskListPage.java:41)
at com.actitime.pom.TaskListPage.getNewCustomerOption(TaskListPage.java:41)
at com.actitime.pom.TaskListPage.getNewCustomerOption(TaskListPage.java:41)
at com.actitime.pom.TaskListPage.getNewCustomerOption(TaskListPage.java:41)
at com.actitime.pom.TaskListPage.getNewCustomerOption(TaskListPage.java:41)
at com.actitime.pom.TaskListPage.getNewCustomerOption(TaskListPage.java:41)
at com.actitime.pom.TaskListPage.getNewCustomerOption(TaskListPage.java:41)
at com.actitime.pom.TaskListPage.getNewCustomerOption(TaskListPage.java:41)
at com.actitime.pom.TaskListPage.getNewCustomerOption(TaskListPage.java:41)
at com.actitime.pom.TaskListPage.getNewCustomerOption(TaskListPage.java:41)
at com.actitime.pom.TaskListPage.getNewCustomerOption(TaskListPage.java:41)
at com.actitime.pom.TaskListPage.getNewCustomerOption(TaskListPage.java:41)
at com.actitime.pom.TaskListPage.getNewCustomerOption(TaskListPage.java:41)
at com.actitime.pom.TaskListPage.getNewCustomerOption(TaskListPage.java:41)
at com.actitime.pom.TaskListPage.getNewCustomerOption(TaskListPage.java:41)
at com.actitime.pom.TaskListPage.getNewCustomerOption(TaskListPage.java:41)
at com.actitime.pom.TaskListPage.getNewCustomerOption(TaskListPage.java:41)
at com.actitime.pom.TaskListPage.getNewCustomerOption(TaskListPage.java:41)
at com.actitime.pom.TaskListPage.getNewCustomerOption(TaskListPage.java:41)
at com.actitime.pom.TaskListPage.getNewCustomerOption(TaskListPage.java:41)
at com.actitime.pom.TaskListPage.getNewCustomerOption(TaskListPage.java:41)
at com.actitime.pom.TaskListPage.getNewCustomerOption(TaskListPage.java:41)
at com.actitime.pom.TaskListPage.getNewCustomerOption(TaskListPage.java:41)
at com.actitime.pom.TaskListPage.getNewCustomerOption(TaskListPage.java:41)
at com.actitime.pom.TaskListPage.getNewCustomerOption(TaskListPage.java:41)
at com.actitime.pom.TaskListPage.getNewCustomerOption(TaskListPage.java:41)
at com.actitime.pom.TaskListPage.getNewCustomerOption(TaskListPage.java:41)
at com.actitime.pom.TaskListPage.getNewCustomerOption(TaskListPage.java:41)
at com.actitime.pom.TaskListPage.getNewCustomerOption(TaskListPage.java:41)
at com.actitime.pom.TaskListPage.getNewCustomerOption(TaskListPage.java:41)
at com.actitime.pom.TaskListPage.getNewCustomerOption(TaskListPage.java:41)
at com.actitime.pom.TaskListPage.getNewCustomerOption(TaskListPage.java:41)
at com.actitime.pom.TaskListPage.getNewCustomerOption(TaskListPage.java:41)
at com.actitime.pom.TaskListPage.getNewCustomerOption(TaskListPage.java:41)
at com.actitime.pom.TaskListPage.getNewCustomerOption(TaskListPage.java:41)
at com.actitime.pom.TaskListPage.getNewCustomerOption(TaskListPage.java:41)
at com.actitime.pom.TaskListPage.getNewCustomerOption(TaskListPage.java:41)
at com.actitime.pom.TaskListPage.getNewCustomerOption(TaskListPage.java:41)
at com.actitime.pom.TaskListPage.getNewCustomerOption(TaskListPage.java:41)
at com.actitime.pom.TaskListPage.getNewCustomerOption(TaskListPage.java:41)
at com.actitime.pom.TaskListPage.getNewCustomerOption(TaskListPage.java:41)
at com.actitime.pom.TaskListPage.getNewCustomerOption(TaskListPage.java:41)
at com.actitime.pom.TaskListPage.getNewCustomerOption(TaskListPage.java:41)
at com.actitime.pom.TaskListPage.getNewCustomerOption(TaskListPage.java:41)
at com.actitime.pom.TaskListPage.getNewCustomerOption(TaskListPage.java:41)
at com.actitime.pom.TaskListPage.getNewCustomerOption(TaskListPage.java:41)
at com.actitime.pom.TaskListPage.getNewCustomerOption(TaskListPage.java:41)
at com.actitime.pom.TaskListPage.getNewCustomerOption(TaskListPage.java:41)
at com.actitime.pom.TaskListPage.getNewCustomerOption(TaskListPage.java:41)
at com.actitime.pom.TaskListPage.getNewCustomerOption(TaskListPage.java:41)
at com.actitime.pom.TaskListPage.getNewCustomerOption(TaskListPage.java:41)
at com.actitime.pom.TaskListPage.getNewCustomerOption(TaskListPage.java:41)
at com.actitime.pom.TaskListPage.getNewCustomerOption(TaskListPage.java:41)
at com.actitime.pom.TaskListPage.getNewCustomerOption(TaskListPage.java:41)
at com.actitime.pom.TaskListPage.getNewCustomerOption(TaskListPage.java:41)
at com.actitime.pom.TaskListPage.getNewCustomerOption(TaskListPage.java:41)
at com.actitime.pom.TaskListPage.getNewCustomerOption(TaskListPage.java:41)
at com.actitime.pom.TaskListPage.getNewCustomerOption(TaskListPage.java:41)
at com.actitime.pom.TaskListPage.getNewCustomerOption(TaskListPage.java:41)
at com.actitime.pom.TaskListPage.getNewCustomerOption(TaskListPage.java:41)
at com.actitime.pom.TaskListPage.getNewCustomerOption(TaskListPage.java:41)
at com.actitime.pom.TaskListPage.getNewCustomerOption(TaskListPage.java:41)
at com.actitime.pom.TaskListPage.getNewCustomerOption(TaskListPage.java:41)
at com.actitime.pom.TaskListPage.getNewCustomerOption(TaskListPage.java:41)
at com.actitime.pom.TaskListPage.getNewCustomerOption(TaskListPage.java:41)
at com.actitime.pom.TaskListPage.getNewCustomerOption(TaskListPage.java:41)
at com.actitime.pom.TaskListPage.getNewCustomerOption(TaskListPage.java:41)
at com.actitime.pom.TaskListPage.getNewCustomerOption(TaskListPage.java:41)
at com.actitime.pom.TaskListPage.getNewCustomerOption(TaskListPage.java:41)
at com.actitime.pom.TaskListPage.getNewCustomerOption(TaskListPage.java:41)
at com.actitime.pom.TaskListPage.getNewCustomerOption(TaskListPage.java:41)
at com.actitime.pom.TaskListPage.getNewCustomerOption(TaskListPage.java:41)
at com.actitime.pom.TaskListPage.getNewCustomerOption(TaskListPage.java:41)
at com.actitime.pom.TaskListPage.getNewCustomerOption(TaskListPage.java:41)
at com.actitime.pom.TaskListPage.getNewCustomerOption(TaskListPage.java:41)
at com.actitime.pom.TaskListPage.getNewCustomerOption(TaskListPage.java:41)
at com.actitime.pom.TaskListPage.getNewCustomerOption(TaskListPage.java:41)
at com.actitime.pom.TaskListPage.getNewCustomerOption(TaskListPage.java:41)
at com.actitime.pom.TaskListPage.getNewCustomerOption(TaskListPage.java:41)
at com.actitime.pom.TaskListPage.getNewCustomerOption(TaskListPage.java:41)
at com.actitime.pom.TaskListPage.getNewCustomerOption(TaskListPage.java:41)
at com.actitime.pom.TaskListPage.getNewCustomerOption(TaskListPage.java:41)
at com.actitime.pom.TaskListPage.getNewCustomerOption(TaskListPage.java:41)
at com.actitime.pom.TaskListPage.getNewCustomerOption(TaskListPage.java:41)
at com.actitime.pom.TaskListPage.getNewCustomerOption(TaskListPage.java:41)
at com.actitime.pom.TaskListPage.getNewCustomerOption(TaskListPage.java:41)
at com.actitime.pom.TaskListPage.getNewCustomerOption(TaskListPage.java:41)
at com.actitime.pom.TaskListPage.getNewCustomerOption(TaskListPage.java:41)
at com.actitime.pom.TaskListPage.getNewCustomerOption(TaskListPage.java:41)
at com.actitime.pom.TaskListPage.getNewCustomerOption(TaskListPage.java:41)
at com.actitime.pom.TaskListPage.getNewCustomerOption(TaskListPage.java:41)
at com.actitime.pom.TaskListPage.getNewCustomerOption(TaskListPage.java:41)
at com.actitime.pom.TaskListPage.getNewCustomerOption(TaskListPage.java:41)
at com.actitime.pom.TaskListPage.getNewCustomerOption(TaskListPage.java:41)
at com.actitime.pom.TaskListPage.getNewCustomerOption(TaskListPage.java:41)
at com.actitime.pom.TaskListPage.getNewCustomerOption(TaskListPage.java:41)
at com.actitime.pom.TaskListPage.getNewCustomerOption(TaskListPage.java:41)
at com.actitime.pom.TaskListPage.getNewCustomerOption(TaskListPage.java:41)
at com.actitime.pom.TaskListPage.getNewCustomerOption(TaskListPage.java:41)
at com.actitime.pom.TaskListPage.getNewCustomerOption(TaskListPage.java:41)
at com.actitime.pom.TaskListPage.getNewCustomerOption(TaskListPage.java:41)
at com.actitime.pom.TaskListPage.getNewCustomerOption(TaskListPage.java:41)
at com.actitime.pom.TaskListPage.getNewCustomerOption(TaskListPage.java:41)
at com.actitime.pom.TaskListPage.getNewCustomerOption(TaskListPage.java:41)
at com.actitime.pom.TaskListPage.getNewCustomerOption(TaskListPage.java:41)
at com.actitime.pom.TaskListPage.getNewCustomerOption(TaskListPage.java:41)
at com.actitime.pom.TaskListPage.getNewCustomerOption(TaskListPage.java:41)
at com.actitime.pom.TaskListPage.getNewCustomerOption(TaskListPage.java:41)
at com.actitime.pom.TaskListPage.getNewCustomerOption(TaskListPage.java:41)
at com.actitime.pom.TaskListPage.getNewCustomerOption(TaskListPage.java:41)
at com.actitime.pom.TaskListPage.getNewCustomerOption(TaskListPage.java:41)
at com.actitime.pom.TaskListPage.getNewCustomerOption(TaskListPage.java:41)
at com.actitime.pom.TaskListPage.getNewCustomerOption(TaskListPage.java:41)
at com.actitime.pom.TaskListPage.getNewCustomerOption(TaskListPage.java:41)
at com.actitime.pom.TaskListPage.getNewCustomerOption(TaskListPage.java:41)
at com.actitime.pom.TaskListPage.getNewCustomerOption(TaskListPage.java:41)
at com.actitime.pom.TaskListPage.getNewCustomerOption(TaskListPage.java:41)
at com.actitime.pom.TaskListPage.getNewCustomerOption(TaskListPage.java:41)
at com.actitime.pom.TaskListPage.getNewCustomerOption(TaskListPage.java:41)
at com.actitime.pom.TaskListPage.getNewCustomerOption(TaskListPage.java:41)
at com.actitime.pom.TaskListPage.getNewCustomerOption(TaskListPage.java:41)
at com.actitime.pom.TaskListPage.getNewCustomerOption(TaskListPage.java:41)
at com.actitime.pom.TaskListPage.getNewCustomerOption(TaskListPage.java:41)
at com.actitime.pom.TaskListPage.getNewCustomerOption(TaskListPage.java:41)
at com.actitime.pom.TaskListPage.getNewCustomerOption(TaskListPage.java:41)
at com.actitime.pom.TaskListPage.getNewCustomerOption(TaskListPage.java:41)
at com.actitime.pom.TaskListPage.getNewCustomerOption(TaskListPage.java:41)
at com.actitime.pom.TaskListPage.getNewCustomerOption(TaskListPage.java:41)
at com.actitime.pom.TaskListPage.getNewCustomerOption(TaskListPage.java:41)
at com.actitime.pom.TaskListPage.getNewCustomerOption(TaskListPage.java:41)
at com.actitime.pom.TaskListPage.getNewCustomerOption(TaskListPage.java:41)
at com.actitime.pom.TaskListPage.getNewCustomerOption(TaskListPage.java:41)
at com.actitime.pom.TaskListPage.getNewCustomerOption(TaskListPage.java:41)
at com.actitime.pom.TaskListPage.getNewCustomerOption(TaskListPage.java:41)
at com.actitime.pom.TaskListPage.getNewCustomerOption(TaskListPage.java:41)
at com.actitime.pom.TaskListPage.getNewCustomerOption(TaskListPage.java:41)
at com.actitime.pom.TaskListPage.getNewCustomerOption(TaskListPage.java:41)
at com.actitime.pom.TaskListPage.getNewCustomerOption(TaskListPage.java:41)
at com.actitime.pom.TaskListPage.getNewCustomerOption(TaskListPage.java:41)
at com.actitime.pom.TaskListPage.getNewCustomerOption(TaskListPage.java:41)
at com.actitime.pom.TaskListPage.getNewCustomerOption(TaskListPage.java:41)
at com.actitime.pom.TaskListPage.getNewCustomerOption(TaskListPage.java:41)
at com.actitime.pom.TaskListPage.getNewCustomerOption(TaskListPage.java:41)
at com.actitime.pom.TaskListPage.getNewCustomerOption(TaskListPage.java:41)
at com.actitime.pom.TaskListPage.getNewCustomerOption(TaskListPage.java:41)
at com.actitime.pom.TaskListPage.getNewCustomerOption(TaskListPage.java:41)
at com.actitime.pom.TaskListPage.getNewCustomerOption(TaskListPage.java:41)
at com.actitime.pom.TaskListPage.getNewCustomerOption(TaskListPage.java:41)
at com.actitime.pom.TaskListPage.getNewCustomerOption(TaskListPage.java:41)
at com.actitime.pom.TaskListPage.getNewCustomerOption(TaskListPage.java:41)
at com.actitime.pom.TaskListPage.getNewCustomerOption(TaskListPage.java:41)
at com.actitime.pom.TaskListPage.getNewCustomerOption(TaskListPage.java:41)
at com.actitime.pom.TaskListPage.getNewCustomerOption(TaskListPage.java:41)
at com.actitime.pom.TaskListPage.getNewCustomerOption(TaskListPage.java:41)
at com.actitime.pom.TaskListPage.getNewCustomerOption(TaskListPage.java:41)
at com.actitime.pom.TaskListPage.getNewCustomerOption(TaskListPage.java:41)
at com.actitime.pom.TaskListPage.getNewCustomerOption(TaskListPage.java:41)
at com.actitime.pom.TaskListPage.getNewCustomerOption(TaskListPage.java:41)
at com.actitime.pom.TaskListPage.getNewCustomerOption(TaskListPage.java:41)
at com.actitime.pom.TaskListPage.getNewCustomerOption(TaskListPage.java:41)
at com.actitime.pom.TaskListPage.getNewCustomerOption(TaskListPage.java:41)
at com.actitime.pom.TaskListPage.getNewCustomerOption(TaskListPage.java:41)
at com.actitime.pom.TaskListPage.getNewCustomerOption(TaskListPage.java:41)
at com.actitime.pom.TaskListPage.getNewCustomerOption(TaskListPage.java:41)
at com.actitime.pom.TaskListPage.getNewCustomerOption(TaskListPage.java:41)
at com.actitime.pom.TaskListPage.getNewCustomerOption(TaskListPage.java:41)
at com.actitime.pom.TaskListPage.getNewCustomerOption(TaskListPage.java:41)
at com.actitime.pom.TaskListPage.getNewCustomerOption(TaskListPage.java:41)
at com.actitime.pom.TaskListPage.getNewCustomerOption(TaskListPage.java:41)
at com.actitime.pom.TaskListPage.getNewCustomerOption(TaskListPage.java:41)
at com.actitime.pom.TaskListPage.getNewCustomerOption(TaskListPage.java:41)
at com.actitime.pom.TaskListPage.getNewCustomerOption(TaskListPage.java:41)
at com.actitime.pom.TaskListPage.getNewCustomerOption(TaskListPage.java:41)
at com.actitime.pom.TaskListPage.getNewCustomerOption(TaskListPage.java:41)
at com.actitime.pom.TaskListPage.getNewCustomerOption(TaskListPage.java:41)
at com.actitime.pom.TaskListPage.getNewCustomerOption(TaskListPage.java:41)
at com.actitime.pom.TaskListPage.getNewCustomerOption(TaskListPage.java:41)
at com.actitime.pom.TaskListPage.getNewCustomerOption(TaskListPage.java:41)
at com.actitime.pom.TaskListPage.getNewCustomerOption(TaskListPage.java:41)
at com.actitime.pom.TaskListPage.getNewCustomerOption(TaskListPage.java:41)
at com.actitime.pom.TaskListPage.getNewCustomerOption(TaskListPage.java:41)
at com.actitime.pom.TaskListPage.getNewCustomerOption(TaskListPage.java:41)
at com.actitime.pom.TaskListPage.getNewCustomerOption(TaskListPage.java:41)
at com.actitime.pom.TaskListPage.getNewCustomerOption(TaskListPage.java:41)
at com.actitime.pom.TaskListPage.getNewCustomerOption(TaskListPage.java:41)
at com.actitime.pom.TaskListPage.getNewCustomerOption(TaskListPage.java:41)
at com.actitime.pom.TaskListPage.getNewCustomerOption(TaskListPage.java:41)
at com.actitime.pom.TaskListPage.getNewCustomerOption(TaskListPage.java:41)
at com.actitime.pom.TaskListPage.getNewCustomerOption(TaskListPage.java:41)
at com.actitime.pom.TaskListPage.getNewCustomerOption(TaskListPage.java:41)
at com.actitime.pom.TaskListPage.getNewCustomerOption(TaskListPage.java:41)
at com.actitime.pom.TaskListPage.getNewCustomerOption(TaskListPage.java:41)
at com.actitime.pom.TaskListPage.getNewCustomerOption(TaskListPage.java:41)
at com.actitime.pom.TaskListPage.getNewCustomerOption(TaskListPage.java:41)
at com.actitime.pom.TaskListPage.getNewCustomerOption(TaskListPage.java:41)
at com.actitime.pom.TaskListPage.getNewCustomerOption(TaskListPage.java:41)
at com.actitime.pom.TaskListPage.getNewCustomerOption(TaskListPage.java:41)
at com.actitime.pom.TaskListPage.getNewCustomerOption(TaskListPage.java:41)
at com.actitime.pom.TaskListPage.getNewCustomerOption(TaskListPage.java:41)
at com.actitime.pom.TaskListPage.getNewCustomerOption(TaskListPage.java:41)
at com.actitime.pom.TaskListPage.getNewCustomerOption(TaskListPage.java:41)
at com.actitime.pom.TaskListPage.getNewCustomerOption(TaskListPage.java:41)
at com.actitime.pom.TaskListPage.getNewCustomerOption(TaskListPage.java:41)
at com.actitime.pom.TaskListPage.getNewCustomerOption(TaskListPage.java:41)
at com.actitime.pom.TaskListPage.getNewCustomerOption(TaskListPage.java:41)
at com.actitime.pom.TaskListPage.getNewCustomerOption(TaskListPage.java:41)
at com.actitime.pom.TaskListPage.getNewCustomerOption(TaskListPage.java:41)
at com.actitime.pom.TaskListPage.getNewCustomerOption(TaskListPage.java:41)
at com.actitime.pom.TaskListPage.getNewCustomerOption(TaskListPage.java:41)
at com.actitime.pom.TaskListPage.getNewCustomerOption(TaskListPage.java:41)
at com.actitime.pom.TaskListPage.getNewCustomerOption(TaskListPage.java:41)
at com.actitime.pom.TaskListPage.getNewCustomerOption(TaskListPage.java:41)
at com.actitime.pom.TaskListPage.getNewCustomerOption(TaskListPage.java:41)
at com.actitime.pom.TaskListPage.getNewCustomerOption(TaskListPage.java:41)
at com.actitime.pom.TaskListPage.getNewCustomerOption(TaskListPage.java:41)
at com.actitime.pom.TaskListPage.getNewCustomerOption(TaskListPage.java:41)
at com.actitime.pom.TaskListPage.getNewCustomerOption(TaskListPage.java:41)
at com.actitime.pom.TaskListPage.getNewCustomerOption(TaskListPage.java:41)
at com.actitime.pom.TaskListPage.getNewCustomerOption(TaskListPage.java:41)
at com.actitime.pom.TaskListPage.getNewCustomerOption(TaskListPage.java:41)
at com.actitime.pom.TaskListPage.getNewCustomerOption(TaskListPage.java:41)
at com.actitime.pom.TaskListPage.getNewCustomerOption(TaskListPage.java:41)
at com.actitime.pom.TaskListPage.getNewCustomerOption(TaskListPage.java:41)
at com.actitime.pom.TaskListPage.getNewCustomerOption(TaskListPage.java:41)
at com.actitime.pom.TaskListPage.getNewCustomerOption(TaskListPage.java:41)
at com.actitime.pom.TaskListPage.getNewCustomerOption(TaskListPage.java:41)
at com.actitime.pom.TaskListPage.getNewCustomerOption(TaskListPage.java:41)
at com.actitime.pom.TaskListPage.getNewCustomerOption(TaskListPage.java:41)
at com.actitime.pom.TaskListPage.getNewCustomerOption(TaskListPage.java:41)
at com.actitime.pom.TaskListPage.getNewCustomerOption(TaskListPage.java:41)
at com.actitime.pom.TaskListPage.getNewCustomerOption(TaskListPage.java:41)
at com.actitime.pom.TaskListPage.getNewCustomerOption(TaskListPage.java:41)
at com.actitime.pom.TaskListPage.getNewCustomerOption(TaskListPage.java:41)
at com.actitime.pom.TaskListPage.getNewCustomerOption(TaskListPage.java:41)
at com.actitime.pom.TaskListPage.getNewCustomerOption(TaskListPage.java:41)
at com.actitime.pom.TaskListPage.getNewCustomerOption(TaskListPage.java:41)
at com.actitime.pom.TaskListPage.getNewCustomerOption(TaskListPage.java:41)
at com.actitime.pom.TaskListPage.getNewCustomerOption(TaskListPage.java:41)
at com.actitime.pom.TaskListPage.getNewCustomerOption(TaskListPage.java:41)
at com.actitime.pom.TaskListPage.getNewCustomerOption(TaskListPage.java:41)
at com.actitime.pom.TaskListPage.getNewCustomerOption(TaskListPage.java:41)
at com.actitime.pom.TaskListPage.getNewCustomerOption(TaskListPage.java:41)
at com.actitime.pom.TaskListPage.getNewCustomerOption(TaskListPage.java:41)
at com.actitime.pom.TaskListPage.getNewCustomerOption(TaskListPage.java:41)
at com.actitime.pom.TaskListPage.getNewCustomerOption(TaskListPage.java:41)
at com.actitime.pom.TaskListPage.getNewCustomerOption(TaskListPage.java:41)
at com.actitime.pom.TaskListPage.getNewCustomerOption(TaskListPage.java:41)
at com.actitime.pom.TaskListPage.getNewCustomerOption(TaskListPage.java:41)
at com.actitime.pom.TaskListPage.getNewCustomerOption(TaskListPage.java:41)
at com.actitime.pom.TaskListPage.getNewCustomerOption(TaskListPage.java:41)
at com.actitime.pom.TaskListPage.getNewCustomerOption(TaskListPage.java:41)
at com.actitime.pom.TaskListPage.getNewCustomerOption(TaskListPage.java:41)
at com.actitime.pom.TaskListPage.getNewCustomerOption(TaskListPage.java:41)
at com.actitime.pom.TaskListPage.getNewCustomerOption(TaskListPage.java:41)
at com.actitime.pom.TaskListPage.getNewCustomerOption(TaskListPage.java:41)
at com.actitime.pom.TaskListPage.getNewCustomerOption(TaskListPage.java:41)
at com.actitime.pom.TaskListPage.getNewCustomerOption(TaskListPage.java:41)
at com.actitime.pom.TaskListPage.getNewCustomerOption(TaskListPage.java:41)
at com.actitime.pom.TaskListPage.getNewCustomerOption(TaskListPage.java:41)
at com.actitime.pom.TaskListPage.getNewCustomerOption(TaskListPage.java:41)
at com.actitime.pom.TaskListPage.getNewCustomerOption(TaskListPage.java:41)
at com.actitime.pom.TaskListPage.getNewCustomerOption(TaskListPage.java:41)
at com.actitime.pom.TaskListPage.getNewCustomerOption(TaskListPage.java:41)
at com.actitime.pom.TaskListPage.getNewCustomerOption(TaskListPage.java:41)
at com.actitime.pom.TaskListPage.getNewCustomerOption(TaskListPage.java:41)
at com.actitime.pom.TaskListPage.getNewCustomerOption(TaskListPage.java:41)
at com.actitime.pom.TaskListPage.getNewCustomerOption(TaskListPage.java:41)
at com.actitime.pom.TaskListPage.getNewCustomerOption(TaskListPage.java:41)
at com.actitime.pom.TaskListPage.getNewCustomerOption(TaskListPage.java:41)
at com.actitime.pom.TaskListPage.getNewCustomerOption(TaskListPage.java:41)
at com.actitime.pom.TaskListPage.getNewCustomerOption(TaskListPage.java:41)
at com.actitime.pom.TaskListPage.getNewCustomerOption(TaskListPage.java:41)
at com.actitime.pom.TaskListPage.getNewCustomerOption(TaskListPage.java:41)
at com.actitime.pom.TaskListPage.getNewCustomerOption(TaskListPage.java:41)
at com.actitime.pom.TaskListPage.getNewCustomerOption(TaskListPage.java:41)
at com.actitime.pom.TaskListPage.getNewCustomerOption(TaskListPage.java:41)
at com.actitime.pom.TaskListPage.getNewCustomerOption(TaskListPage.java:41)
at com.actitime.pom.TaskListPage.getNewCustomerOption(TaskListPage.java:41)
at com.actitime.pom.TaskListPage.getNewCustomerOption(TaskListPage.java:41)
at com.actitime.pom.TaskListPage.getNewCustomerOption(TaskListPage.java:41)
at com.actitime.pom.TaskListPage.getNewCustomerOption(TaskListPage.java:41)
at com.actitime.pom.TaskListPage.getNewCustomerOption(TaskListPage.java:41)
at com.actitime.pom.TaskListPage.getNewCustomerOption(TaskListPage.java:41)
at com.actitime.pom.TaskListPage.getNewCustomerOption(TaskListPage.java:41)
at com.actitime.pom.TaskListPage.getNewCustomerOption(TaskListPage.java:41)
at com.actitime.pom.TaskListPage.getNewCustomerOption(TaskListPage.java:41)
at com.actitime.pom.TaskListPage.getNewCustomerOption(TaskListPage.java:41)
at com.actitime.pom.TaskListPage.getNewCustomerOption(TaskListPage.java:41)
at com.actitime.pom.TaskListPage.getNewCustomerOption(TaskListPage.java:41)
at com.actitime.pom.TaskListPage.getNewCustomerOption(TaskListPage.java:41)
at com.actitime.pom.TaskListPage.getNewCustomerOption(TaskListPage.java:41)
at com.actitime.pom.TaskListPage.getNewCustomerOption(TaskListPage.java:41)
at com.actitime.pom.TaskListPage.getNewCustomerOption(TaskListPage.java:41)
at com.actitime.pom.TaskListPage.getNewCustomerOption(TaskListPage.java:41)
at com.actitime.pom.TaskListPage.getNewCustomerOption(TaskListPage.java:41)
at com.actitime.pom.TaskListPage.getNewCustomerOption(TaskListPage.java:41)
at com.actitime.pom.TaskListPage.getNewCustomerOption(TaskListPage.java:41)
at com.actitime.pom.TaskListPage.getNewCustomerOption(TaskListPage.java:41)
at com.actitime.pom.TaskListPage.getNewCustomerOption(TaskListPage.java:41)
at com.actitime.pom.TaskListPage.getNewCustomerOption(TaskListPage.java:41)
at com.actitime.pom.TaskListPage.getNewCustomerOption(TaskListPage.java:41)
at com.actitime.pom.TaskListPage.getNewCustomerOption(TaskListPage.java:41)
at com.actitime.pom.TaskListPage.getNewCustomerOption(TaskListPage.java:41)
at com.actitime.pom.TaskListPage.getNewCustomerOption(TaskListPage.java:41)
at com.actitime.pom.TaskListPage.getNewCustomerOption(TaskListPage.java:41)
at com.actitime.pom.TaskListPage.getNewCustomerOption(TaskListPage.java:41)
at com.actitime.pom.TaskListPage.getNewCustomerOption(TaskListPage.java:41)
at com.actitime.pom.TaskListPage.getNewCustomerOption(TaskListPage.java:41)
at com.actitime.pom.TaskListPage.getNewCustomerOption(TaskListPage.java:41)
at com.actitime.pom.TaskListPage.getNewCustomerOption(TaskListPage.java:41)
at com.actitime.pom.TaskListPage.getNewCustomerOption(TaskListPage.java:41)
at com.actitime.pom.TaskListPage.getNewCustomerOption(TaskListPage.java:41)
at com.actitime.pom.TaskListPage.getNewCustomerOption(TaskListPage.java:41)
at com.actitime.pom.TaskListPage.getNewCustomerOption(TaskListPage.java:41)
at com.actitime.pom.TaskListPage.getNewCustomerOption(TaskListPage.java:41)
at com.actitime.pom.TaskListPage.getNewCustomerOption(TaskListPage.java:41)
at com.actitime.pom.TaskListPage.getNewCustomerOption(TaskListPage.java:41)
at com.actitime.pom.TaskListPage.getNewCustomerOption(TaskListPage.java:41)
at com.actitime.pom.TaskListPage.getNewCustomerOption(TaskListPage.java:41)
at com.actitime.pom.TaskListPage.getNewCustomerOption(TaskListPage.java:41)
at com.actitime.pom.TaskListPage.getNewCustomerOption(TaskListPage.java:41)
at com.actitime.pom.TaskListPage.getNewCustomerOption(TaskListPage.java:41)
at com.actitime.pom.TaskListPage.getNewCustomerOption(TaskListPage.java:41)
at com.actitime.pom.TaskListPage.getNewCustomerOption(TaskListPage.java:41)
at com.actitime.pom.TaskListPage.getNewCustomerOption(TaskListPage.java:41)
at com.actitime.pom.TaskListPage.getNewCustomerOption(TaskListPage.java:41)
at com.actitime.pom.TaskListPage.getNewCustomerOption(TaskListPage.java:41)
at com.actitime.pom.TaskListPage.getNewCustomerOption(TaskListPage.java:41)
at com.actitime.pom.TaskListPage.getNewCustomerOption(TaskListPage.java:41)
at com.actitime.pom.TaskListPage.getNewCustomerOption(TaskListPage.java:41)
at com.actitime.pom.TaskListPage.getNewCustomerOption(TaskListPage.java:41)
at com.actitime.pom.TaskListPage.getNewCustomerOption(TaskListPage.java:41)
at com.actitime.pom.TaskListPage.getNewCustomerOption(TaskListPage.java:41)
at com.actitime.pom.TaskListPage.getNewCustomerOption(TaskListPage.java:41)
at com.actitime.pom.TaskListPage.getNewCustomerOption(TaskListPage.java:41)
at com.actitime.pom.TaskListPage.getNewCustomerOption(TaskListPage.java:41)
at com.actitime.pom.TaskListPage.getNewCustomerOption(TaskListPage.java:41)
at com.actitime.pom.TaskListPage.getNewCustomerOption(TaskListPage.java:41)
at com.actitime.pom.TaskListPage.getNewCustomerOption(TaskListPage.java:41)
at com.actitime.pom.TaskListPage.getNewCustomerOption(TaskListPage.java:41)
at com.actitime.pom.TaskListPage.getNewCustomerOption(TaskListPage.java:41)
at com.actitime.pom.TaskListPage.getNewCustomerOption(TaskListPage.java:41)
at com.actitime.pom.TaskListPage.getNewCustomerOption(TaskListPage.java:41)
at com.actitime.pom.TaskListPage.getNewCustomerOption(TaskListPage.java:41)
at com.actitime.pom.TaskListPage.getNewCustomerOption(TaskListPage.java:41)
at com.actitime.pom.TaskListPage.getNewCustomerOption(TaskListPage.java:41)
at com.actitime.pom.TaskListPage.getNewCustomerOption(TaskListPage.java:41)
at com.actitime.pom.TaskListPage.getNewCustomerOption(TaskListPage.java:41)
at com.actitime.pom.TaskListPage.getNewCustomerOption(TaskListPage.java:41)
at com.actitime.pom.TaskListPage.getNewCustomerOption(TaskListPage.java:41)
at com.actitime.pom.TaskListPage.getNewCustomerOption(TaskListPage.java:41)
at com.actitime.pom.TaskListPage.getNewCustomerOption(TaskListPage.java:41)
at com.actitime.pom.TaskListPage.getNewCustomerOption(TaskListPage.java:41)
at com.actitime.pom.TaskListPage.getNewCustomerOption(TaskListPage.java:41)
at com.actitime.pom.TaskListPage.getNewCustomerOption(TaskListPage.java:41)
at com.actitime.pom.TaskListPage.getNewCustomerOption(TaskListPage.java:41)
at com.actitime.pom.TaskListPage.getNewCustomerOption(TaskListPage.java:41)
at com.actitime.pom.TaskListPage.getNewCustomerOption(TaskListPage.java:41)
at com.actitime.pom.TaskListPage.getNewCustomerOption(TaskListPage.java:41)
at com.actitime.pom.TaskListPage.getNewCustomerOption(TaskListPage.java:41)
at com.actitime.pom.TaskListPage.getNewCustomerOption(TaskListPage.java:41)
at com.actitime.pom.TaskListPage.getNewCustomerOption(TaskListPage.java:41)
at com.actitime.pom.TaskListPage.getNewCustomerOption(TaskListPage.java:41)
at com.actitime.pom.TaskListPage.getNewCustomerOption(TaskListPage.java:41)
at com.actitime.pom.TaskListPage.getNewCustomerOption(TaskListPage.java:41)
at com.actitime.pom.TaskListPage.getNewCustomerOption(TaskListPage.java:41)
at com.actitime.pom.TaskListPage.getNewCustomerOption(TaskListPage.java:41)
at com.actitime.pom.TaskListPage.getNewCustomerOption(TaskListPage.java:41)
at com.actitime.pom.TaskListPage.getNewCustomerOption(TaskListPage.java:41)
at com.actitime.pom.TaskListPage.getNewCustomerOption(TaskListPage.java:41)
at com.actitime.pom.TaskListPage.getNewCustomerOption(TaskListPage.java:41)
at com.actitime.pom.TaskListPage.getNewCustomerOption(TaskListPage.java:41)
at com.actitime.pom.TaskListPage.getNewCustomerOption(TaskListPage.java:41)
at com.actitime.pom.TaskListPage.getNewCustomerOption(TaskListPage.java:41)
at com.actitime.pom.TaskListPage.getNewCustomerOption(TaskListPage.java:41)
at com.actitime.pom.TaskListPage.getNewCustomerOption(TaskListPage.java:41)
at com.actitime.pom.TaskListPage.getNewCustomerOption(TaskListPage.java:41)
at com.actitime.pom.TaskListPage.getNewCustomerOption(TaskListPage.java:41)
at com.actitime.pom.TaskListPage.getNewCustomerOption(TaskListPage.java:41)
at com.actitime.pom.TaskListPage.getNewCustomerOption(TaskListPage.java:41)
at com.actitime.pom.TaskListPage.getNewCustomerOption(TaskListPage.java:41)
at com.actitime.pom.TaskListPage.getNewCustomerOption(TaskListPage.java:41)
at com.actitime.pom.TaskListPage.getNewCustomerOption(TaskListPage.java:41)
at com.actitime.pom.TaskListPage.getNewCustomerOption(TaskListPage.java:41)
at com.actitime.pom.TaskListPage.getNewCustomerOption(TaskListPage.java:41)
at com.actitime.pom.TaskListPage.getNewCustomerOption(TaskListPage.java:41)
at com.actitime.pom.TaskListPage.getNewCustomerOption(TaskListPage.java:41)
at com.actitime.pom.TaskListPage.getNewCustomerOption(TaskListPage.java:41)
at com.actitime.pom.TaskListPage.getNewCustomerOption(TaskListPage.java:41)
at com.actitime.pom.TaskListPage.getNewCustomerOption(TaskListPage.java:41)
at com.actitime.pom.TaskListPage.getNewCustomerOption(TaskListPage.java:41)
at com.actitime.pom.TaskListPage.getNewCustomerOption(TaskListPage.java:41)
at com.actitime.pom.TaskListPage.getNewCustomerOption(TaskListPage.java:41)
at com.actitime.pom.TaskListPage.getNewCustomerOption(TaskListPage.java:41)
at com.actitime.pom.TaskListPage.getNewCustomerOption(TaskListPage.java:41)
at com.actitime.pom.TaskListPage.getNewCustomerOption(TaskListPage.java:41)
at com.actitime.pom.TaskListPage.getNewCustomerOption(TaskListPage.java:41)
at com.actitime.pom.TaskListPage.getNewCustomerOption(TaskListPage.java:41)
at com.actitime.pom.TaskListPage.getNewCustomerOption(TaskListPage.java:41)
at com.actitime.pom.TaskListPage.getNewCustomerOption(TaskListPage.java:41)
at com.actitime.pom.TaskListPage.getNewCustomerOption(TaskListPage.java:41)
at com.actitime.pom.TaskListPage.getNewCustomerOption(TaskListPage.java:41)
at com.actitime.pom.TaskListPage.getNewCustomerOption(TaskListPage.java:41)
at com.actitime.pom.TaskListPage.getNewCustomerOption(TaskListPage.java:41)
at com.actitime.pom.TaskListPage.getNewCustomerOption(TaskListPage.java:41)
at com.actitime.pom.TaskListPage.getNewCustomerOption(TaskListPage.java:41)
at com.actitime.pom.TaskListPage.getNewCustomerOption(TaskListPage.java:41)
at com.actitime.pom.TaskListPage.getNewCustomerOption(TaskListPage.java:41)
at com.actitime.pom.TaskListPage.getNewCustomerOption(TaskListPage.java:41)
at com.actitime.pom.TaskListPage.getNewCustomerOption(TaskListPage.java:41)
at com.actitime.pom.TaskListPage.getNewCustomerOption(TaskListPage.java:41)
at com.actitime.pom.TaskListPage.getNewCustomerOption(TaskListPage.java:41)
at com.actitime.pom.TaskListPage.getNewCustomerOption(TaskListPage.java:41)
at com.actitime.pom.TaskListPage.getNewCustomerOption(TaskListPage.java:41)
at com.actitime.pom.TaskListPage.getNewCustomerOption(TaskListPage.java:41)
at com.actitime.pom.TaskListPage.getNewCustomerOption(TaskListPage.java:41)
at com.actitime.pom.TaskListPage.getNewCustomerOption(TaskListPage.java:41)
at com.actitime.pom.TaskListPage.getNewCustomerOption(TaskListPage.java:41)
at com.actitime.pom.TaskListPage.getNewCustomerOption(TaskListPage.java:41)
at com.actitime.pom.TaskListPage.getNewCustomerOption(TaskListPage.java:41)
at com.actitime.pom.TaskListPage.getNewCustomerOption(TaskListPage.java:41)
at com.actitime.pom.TaskListPage.getNewCustomerOption(TaskListPage.java:41)
at com.actitime.pom.TaskListPage.getNewCustomerOption(TaskListPage.java:41)
at com.actitime.pom.TaskListPage.getNewCustomerOption(TaskListPage.java:41)
at com.actitime.pom.TaskListPage.getNewCustomerOption(TaskListPage.java:41)
at com.actitime.pom.TaskListPage.getNewCustomerOption(TaskListPage.java:41)
at com.actitime.pom.TaskListPage.getNewCustomerOption(TaskListPage.java:41)
at com.actitime.pom.TaskListPage.getNewCustomerOption(TaskListPage.java:41)
at com.actitime.pom.TaskListPage.getNewCustomerOption(TaskListPage.java:41)
at com.actitime.pom.TaskListPage.getNewCustomerOption(TaskListPage.java:41)
at com.actitime.pom.TaskListPage.getNewCustomerOption(TaskListPage.java:41)
at com.actitime.pom.TaskListPage.getNewCustomerOption(TaskListPage.java:41)
at com.actitime.pom.TaskListPage.getNewCustomerOption(TaskListPage.java:41)
at com.actitime.pom.TaskListPage.getNewCustomerOption(TaskListPage.java:41)
at com.actitime.pom.TaskListPage.getNewCustomerOption(TaskListPage.java:41)
at com.actitime.pom.TaskListPage.getNewCustomerOption(TaskListPage.java:41)
at com.actitime.pom.TaskListPage.getNewCustomerOption(TaskListPage.java:41)
at com.actitime.pom.TaskListPage.getNewCustomerOption(TaskListPage.java:41)
at com.actitime.pom.TaskListPage.getNewCustomerOption(TaskListPage.java:41)
at com.actitime.pom.TaskListPage.getNewCustomerOption(TaskListPage.java:41)
at com.actitime.pom.TaskListPage.getNewCustomerOption(TaskListPage.java:41)
at com.actitime.pom.TaskListPage.getNewCustomerOption(TaskListPage.java:41)
at com.actitime.pom.TaskListPage.getNewCustomerOption(TaskListPage.java:41)
at com.actitime.pom.TaskListPage.getNewCustomerOption(TaskListPage.java:41)
at com.actitime.pom.TaskListPage.getNewCustomerOption(TaskListPage.java:41)
at com.actitime.pom.TaskListPage.getNewCustomerOption(TaskListPage.java:41)
at com.actitime.pom.TaskListPage.getNewCustomerOption(TaskListPage.java:41)
at com.actitime.pom.TaskListPage.getNewCustomerOption(TaskListPage.java:41)
at com.actitime.pom.TaskListPage.getNewCustomerOption(TaskListPage.java:41)
at com.actitime.pom.TaskListPage.getNewCustomerOption(TaskListPage.java:41)
at com.actitime.pom.TaskListPage.getNewCustomerOption(TaskListPage.java:41)
at com.actitime.pom.TaskListPage.getNewCustomerOption(TaskListPage.java:41)
at com.actitime.pom.TaskListPage.getNewCustomerOption(TaskListPage.java:41)
at com.actitime.pom.TaskListPage.getNewCustomerOption(TaskListPage.java:41)
at com.actitime.pom.TaskListPage.getNewCustomerOption(TaskListPage.java:41)
at com.actitime.pom.TaskListPage.getNewCustomerOption(TaskListPage.java:41)
at com.actitime.pom.TaskListPage.getNewCustomerOption(TaskListPage.java:41)
at com.actitime.pom.TaskListPage.getNewCustomerOption(TaskListPage.java:41)
at com.actitime.pom.TaskListPage.getNewCustomerOption(TaskListPage.java:41)
at com.actitime.pom.TaskListPage.getNewCustomerOption(TaskListPage.java:41)
at com.actitime.pom.TaskListPage.getNewCustomerOption(TaskListPage.java:41)
at com.actitime.pom.TaskListPage.getNewCustomerOption(TaskListPage.java:41)
at com.actitime.pom.TaskListPage.getNewCustomerOption(TaskListPage.java:41)
at com.actitime.pom.TaskListPage.getNewCustomerOption(TaskListPage.java:41)
at com.actitime.pom.TaskListPage.getNewCustomerOption(TaskListPage.java:41)
at com.actitime.pom.TaskListPage.getNewCustomerOption(TaskListPage.java:41)
at com.actitime.pom.TaskListPage.getNewCustomerOption(TaskListPage.java:41)
at com.actitime.pom.TaskListPage.getNewCustomerOption(TaskListPage.java:41)
at com.actitime.pom.TaskListPage.getNewCustomerOption(TaskListPage.java:41)
at com.actitime.pom.TaskListPage.getNewCustomerOption(TaskListPage.java:41)
at com.actitime.pom.TaskListPage.getNewCustomerOption(TaskListPage.java:41)
at com.actitime.pom.TaskListPage.getNewCustomerOption(TaskListPage.java:41)
at com.actitime.pom.TaskListPage.getNewCustomerOption(TaskListPage.java:41)
at com.actitime.pom.TaskListPage.getNewCustomerOption(TaskListPage.java:41)
at com.actitime.pom.TaskListPage.getNewCustomerOption(TaskListPage.java:41)
at com.actitime.pom.TaskListPage.getNewCustomerOption(TaskListPage.java:41)
at com.actitime.pom.TaskListPage.getNewCustomerOption(TaskListPage.java:41)
at com.actitime.pom.TaskListPage.getNewCustomerOption(TaskListPage.java:41)
at com.actitime.pom.TaskListPage.getNewCustomerOption(TaskListPage.java:41)
at com.actitime.pom.TaskListPage.getNewCustomerOption(TaskListPage.java:41)
at com.actitime.pom.TaskListPage.getNewCustomerOption(TaskListPage.java:41)
at com.actitime.pom.TaskListPage.getNewCustomerOption(TaskListPage.java:41)
at com.actitime.pom.TaskListPage.getNewCustomerOption(TaskListPage.java:41)
at com.actitime.pom.TaskListPage.getNewCustomerOption(TaskListPage.java:41)
at com.actitime.pom.TaskListPage.getNewCustomerOption(TaskListPage.java:41)
at com.actitime.pom.TaskListPage.getNewCustomerOption(TaskListPage.java:41)
at com.actitime.pom.TaskListPage.getNewCustomerOption(TaskListPage.java:41)
at com.actitime.pom.TaskListPage.getNewCustomerOption(TaskListPage.java:41)
at com.actitime.pom.TaskListPage.getNewCustomerOption(TaskListPage.java:41)
at com.actitime.pom.TaskListPage.getNewCustomerOption(TaskListPage.java:41)
at com.actitime.pom.TaskListPage.getNewCustomerOption(TaskListPage.java:41)
at com.actitime.pom.TaskListPage.getNewCustomerOption(TaskListPage.java:41)
at com.actitime.pom.TaskListPage.getNewCustomerOption(TaskListPage.java:41)
at com.actitime.pom.TaskListPage.getNewCustomerOption(TaskListPage.java:41)
at com.actitime.pom.TaskListPage.getNewCustomerOption(TaskListPage.java:41)
at com.actitime.pom.TaskListPage.getNewCustomerOption(TaskListPage.java:41)
at com.actitime.pom.TaskListPage.getNewCustomerOption(TaskListPage.java:41)
at com.actitime.pom.TaskListPage.getNewCustomerOption(TaskListPage.java:41)
at com.actitime.pom.TaskListPage.getNewCustomerOption(TaskListPage.java:41)
at com.actitime.pom.TaskListPage.getNewCustomerOption(TaskListPage.java:41)
at com.actitime.pom.TaskListPage.getNewCustomerOption(TaskListPage.java:41)
at com.actitime.pom.TaskListPage.getNewCustomerOption(TaskListPage.java:41)
at com.actitime.pom.TaskListPage.getNewCustomerOption(TaskListPage.java:41)
at com.actitime.pom.TaskListPage.getNewCustomerOption(TaskListPage.java:41)
at com.actitime.pom.TaskListPage.getNewCustomerOption(TaskListPage.java:41)
at com.actitime.pom.TaskListPage.getNewCustomerOption(TaskListPage.java:41)
at com.actitime.pom.TaskListPage.getNewCustomerOption(TaskListPage.java:41)
at com.actitime.pom.TaskListPage.getNewCustomerOption(TaskListPage.java:41)
at com.actitime.pom.TaskListPage.getNewCustomerOption(TaskListPage.java:41)
at com.actitime.pom.TaskListPage.getNewCustomerOption(TaskListPage.java:41)
at com.actitime.pom.TaskListPage.getNewCustomerOption(TaskListPage.java:41)
at com.actitime.pom.TaskListPage.getNewCustomerOption(TaskListPage.java:41)
at com.actitime.pom.TaskListPage.getNewCustomerOption(TaskListPage.java:41)
at com.actitime.pom.TaskListPage.getNewCustomerOption(TaskListPage.java:41)
at com.actitime.pom.TaskListPage.getNewCustomerOption(TaskListPage.java:41)
at com.actitime.pom.TaskListPage.getNewCustomerOption(TaskListPage.java:41)
at com.actitime.pom.TaskListPage.getNewCustomerOption(TaskListPage.java:41)
at com.actitime.pom.TaskListPage.getNewCustomerOption(TaskListPage.java:41)
at com.actitime.pom.TaskListPage.getNewCustomerOption(TaskListPage.java:41)
at com.actitime.pom.TaskListPage.getNewCustomerOption(TaskListPage.java:41)
at com.actitime.pom.TaskListPage.getNewCustomerOption(TaskListPage.java:41)
at com.actitime.pom.TaskListPage.getNewCustomerOption(TaskListPage.java:41)
at com.actitime.pom.TaskListPage.getNewCustomerOption(TaskListPage.java:41)
at com.actitime.pom.TaskListPage.getNewCustomerOption(TaskListPage.java:41)
at com.actitime.pom.TaskListPage.getNewCustomerOption(TaskListPage.java:41)
at com.actitime.pom.TaskListPage.getNewCustomerOption(TaskListPage.java:41)
at com.actitime.pom.TaskListPage.getNewCustomerOption(TaskListPage.java:41)
at com.actitime.pom.TaskListPage.getNewCustomerOption(TaskListPage.java:41)
at com.actitime.pom.TaskListPage.getNewCustomerOption(TaskListPage.java:41)
at com.actitime.pom.TaskListPage.getNewCustomerOption(TaskListPage.java:41)
at com.actitime.pom.TaskListPage.getNewCustomerOption(TaskListPage.java:41)
at com.actitime.pom.TaskListPage.getNewCustomerOption(TaskListPage.java:41)
at com.actitime.pom.TaskListPage.getNewCustomerOption(TaskListPage.java:41)
at com.actitime.pom.TaskListPage.getNewCustomerOption(TaskListPage.java:41)
at com.actitime.pom.TaskListPage.getNewCustomerOption(TaskListPage.java:41)
at com.actitime.pom.TaskListPage.getNewCustomerOption(TaskListPage.java:41)
at com.actitime.pom.TaskListPage.getNewCustomerOption(TaskListPage.java:41)
at com.actitime.pom.TaskListPage.getNewCustomerOption(TaskListPage.java:41)
at com.actitime.pom.TaskListPage.getNewCustomerOption(TaskListPage.java:41)
at com.actitime.pom.TaskListPage.getNewCustomerOption(TaskListPage.java:41)
at com.actitime.pom.TaskListPage.getNewCustomerOption(TaskListPage.java:41)
at com.actitime.pom.TaskListPage.getNewCustomerOption(TaskListPage.java:41)
at com.actitime.pom.TaskListPage.getNewCustomerOption(TaskListPage.java:41)
at com.actitime.pom.TaskListPage.getNewCustomerOption(TaskListPage.java:41)
at com.actitime.pom.TaskListPage.getNewCustomerOption(TaskListPage.java:41)
at com.actitime.pom.TaskListPage.getNewCustomerOption(TaskListPage.java:41)
at com.actitime.pom.TaskListPage.getNewCustomerOption(TaskListPage.java:41)
at com.actitime.pom.TaskListPage.getNewCustomerOption(TaskListPage.java:41)
at com.actitime.pom.TaskListPage.getNewCustomerOption(TaskListPage.java:41)
at com.actitime.pom.TaskListPage.getNewCustomerOption(TaskListPage.java:41)
at com.actitime.pom.TaskListPage.getNewCustomerOption(TaskListPage.java:41)
at com.actitime.pom.TaskListPage.getNewCustomerOption(TaskListPage.java:41)
at com.actitime.pom.TaskListPage.getNewCustomerOption(TaskListPage.java:41)
at com.actitime.pom.TaskListPage.getNewCustomerOption(TaskListPage.java:41)
at com.actitime.pom.TaskListPage.getNewCustomerOption(TaskListPage.java:41)
at com.actitime.pom.TaskListPage.getNewCustomerOption(TaskListPage.java:41)
at com.actitime.pom.TaskListPage.getNewCustomerOption(TaskListPage.java:41)
at com.actitime.pom.TaskListPage.getNewCustomerOption(TaskListPage.java:41)
at com.actitime.pom.TaskListPage.getNewCustomerOption(TaskListPage.java:41)
at com.actitime.pom.TaskListPage.getNewCustomerOption(TaskListPage.java:41)
at com.actitime.pom.TaskListPage.getNewCustomerOption(TaskListPage.java:41)
at com.actitime.pom.TaskListPage.getNewCustomerOption(TaskListPage.java:41)
at com.actitime.pom.TaskListPage.getNewCustomerOption(TaskListPage.java:41)
at com.actitime.pom.TaskListPage.getNewCustomerOption(TaskListPage.java:41)
at com.actitime.pom.TaskListPage.getNewCustomerOption(TaskListPage.java:41)
at com.actitime.pom.TaskListPage.getNewCustomerOption(TaskListPage.java:41)
at com.actitime.pom.TaskListPage.getNewCustomerOption(TaskListPage.java:41)
at com.actitime.pom.TaskListPage.getNewCustomerOption(TaskListPage.java:41)
at com.actitime.pom.TaskListPage.getNewCustomerOption(TaskListPage.java:41)
at com.actitime.pom.TaskListPage.getNewCustomerOption(TaskListPage.java:41)
at com.actitime.pom.TaskListPage.getNewCustomerOption(TaskListPage.java:41)
at com.actitime.pom.TaskListPage.getNewCustomerOption(TaskListPage.java:41)
at com.actitime.pom.TaskListPage.getNewCustomerOption(TaskListPage.java:41)
at com.actitime.pom.TaskListPage.getNewCustomerOption(TaskListPage.java:41)
at com.actitime.pom.TaskListPage.getNewCustomerOption(TaskListPage.java:41)
at com.actitime.pom.TaskListPage.getNewCustomerOption(TaskListPage.java:41)
at com.actitime.pom.TaskListPage.getNewCustomerOption(TaskListPage.java:41)
at com.actitime.pom.TaskListPage.getNewCustomerOption(TaskListPage.java:41)
at com.actitime.pom.TaskListPage.getNewCustomerOption(TaskListPage.java:41)
at com.actitime.pom.TaskListPage.getNewCustomerOption(TaskListPage.java:41)
at com.actitime.pom.TaskListPage.getNewCustomerOption(TaskListPage.java:41)
at com.actitime.pom.TaskListPage.getNewCustomerOption(TaskListPage.java:41)
at com.actitime.pom.TaskListPage.getNewCustomerOption(TaskListPage.java:41)
at com.actitime.pom.TaskListPage.getNewCustomerOption(TaskListPage.java:41)
at com.actitime.pom.TaskListPage.getNewCustomerOption(TaskListPage.java:41)
at com.actitime.pom.TaskListPage.getNewCustomerOption(TaskListPage.java:41)
at com.actitime.pom.TaskListPage.getNewCustomerOption(TaskListPage.java:41)
at com.actitime.pom.TaskListPage.getNewCustomerOption(TaskListPage.java:41)
at com.actitime.pom.TaskListPage.getNewCustomerOption(TaskListPage.java:41)
at com.actitime.pom.TaskListPage.getNewCustomerOption(TaskListPage.java:41)
at com.actitime.pom.TaskListPage.getNewCustomerOption(TaskListPage.java:41)
at com.actitime.pom.TaskListPage.getNewCustomerOption(TaskListPage.java:41)
at com.actitime.pom.TaskListPage.getNewCustomerOption(TaskListPage.java:41)
at com.actitime.pom.TaskListPage.getNewCustomerOption(TaskListPage.java:41)
at com.actitime.pom.TaskListPage.getNewCustomerOption(TaskListPage.java:41)
at com.actitime.pom.TaskListPage.getNewCustomerOption(TaskListPage.java:41)
at com.actitime.pom.TaskListPage.getNewCustomerOption(TaskListPage.java:41)
at com.actitime.pom.TaskListPage.getNewCustomerOption(TaskListPage.java:41)
at com.actitime.pom.TaskListPage.getNewCustomerOption(TaskListPage.java:41)
at com.actitime.pom.TaskListPage.getNewCustomerOption(TaskListPage.java:41)
at com.actitime.pom.TaskListPage.getNewCustomerOption(TaskListPage.java:41)
at com.actitime.pom.TaskListPage.getNewCustomerOption(TaskListPage.java:41)
at com.actitime.pom.TaskListPage.getNewCustomerOption(TaskListPage.java:41)
at com.actitime.pom.TaskListPage.getNewCustomerOption(TaskListPage.java:41)
at com.actitime.pom.TaskListPage.getNewCustomerOption(TaskListPage.java:41)
at com.actitime.pom.TaskListPage.getNewCustomerOption(TaskListPage.java:41)
at com.actitime.pom.TaskListPage.getNewCustomerOption(TaskListPage.java:41)
at com.actitime.pom.TaskListPage.getNewCustomerOption(TaskListPage.java:41)
at com.actitime.pom.TaskListPage.getNewCustomerOption(TaskListPage.java:41)
at com.actitime.pom.TaskListPage.getNewCustomerOption(TaskListPage.java:41)
at com.actitime.pom.TaskListPage.getNewCustomerOption(TaskListPage.java:41)
at com.actitime.pom.TaskListPage.getNewCustomerOption(TaskListPage.java:41)
at com.actitime.pom.TaskListPage.getNewCustomerOption(TaskListPage.java:41)
at com.actitime.pom.TaskListPage.getNewCustomerOption(TaskListPage.java:41)
at com.actitime.pom.TaskListPage.getNewCustomerOption(TaskListPage.java:41)
at com.actitime.pom.TaskListPage.getNewCustomerOption(TaskListPage.java:41)
at com.actitime.pom.TaskListPage.getNewCustomerOption(TaskListPage.java:41)
at com.actitime.pom.TaskListPage.getNewCustomerOption(TaskListPage.java:41)
at com.actitime.pom.TaskListPage.getNewCustomerOption(TaskListPage.java:41)
at com.actitime.pom.TaskListPage.getNewCustomerOption(TaskListPage.java:41)
at com.actitime.pom.TaskListPage.getNewCustomerOption(TaskListPage.java:41)
at com.actitime.pom.TaskListPage.getNewCustomerOption(TaskListPage.java:41)
at com.actitime.pom.TaskListPage.getNewCustomerOption(TaskListPage.java:41)
at com.actitime.pom.TaskListPage.getNewCustomerOption(TaskListPage.java:41)
at com.actitime.pom.TaskListPage.getNewCustomerOption(TaskListPage.java:41)
at com.actitime.pom.TaskListPage.getNewCustomerOption(TaskListPage.java:41)
at com.actitime.pom.TaskListPage.getNewCustomerOption(TaskListPage.java:41)
at com.actitime.pom.TaskListPage.getNewCustomerOption(TaskListPage.java:41)
at com.actitime.pom.TaskListPage.getNewCustomerOption(TaskListPage.java:41)
at com.actitime.pom.TaskListPage.getNewCustomerOption(TaskListPage.java:41)
at com.actitime.pom.TaskListPage.getNewCustomerOption(TaskListPage.java:41)
at com.actitime.pom.TaskListPage.getNewCustomerOption(TaskListPage.java:41)
at com.actitime.pom.TaskListPage.getNewCustomerOption(TaskListPage.java:41)
at com.actitime.pom.TaskListPage.getNewCustomerOption(TaskListPage.java:41)
at com.actitime.pom.TaskListPage.getNewCustomerOption(TaskListPage.java:41)
at com.actitime.pom.TaskListPage.getNewCustomerOption(TaskListPage.java:41)
at com.actitime.pom.TaskListPage.getNewCustomerOption(TaskListPage.java:41)
at com.actitime.pom.TaskListPage.getNewCustomerOption(TaskListPage.java:41)
at com.actitime.pom.TaskListPage.getNewCustomerOption(TaskListPage.java:41)
at com.actitime.pom.TaskListPage.getNewCustomerOption(TaskListPage.java:41)
at com.actitime.pom.TaskListPage.getNewCustomerOption(TaskListPage.java:41)
at com.actitime.pom.TaskListPage.getNewCustomerOption(TaskListPage.java:41)
at com.actitime.pom.TaskListPage.getNewCustomerOption(TaskListPage.java:41)
at com.actitime.pom.TaskListPage.getNewCustomerOption(TaskListPage.java:41)
at com.actitime.pom.TaskListPage.getNewCustomerOption(TaskListPage.java:41)
at com.actitime.pom.TaskListPage.getNewCustomerOption(TaskListPage.java:41)
at com.actitime.pom.TaskListPage.getNewCustomerOption(TaskListPage.java:41)
at com.actitime.pom.TaskListPage.getNewCustomerOption(TaskListPage.java:41)
at com.actitime.pom.TaskListPage.getNewCustomerOption(TaskListPage.java:41)
at com.actitime.pom.TaskListPage.getNewCustomerOption(TaskListPage.java:41)
at com.actitime.pom.TaskListPage.getNewCustomerOption(TaskListPage.java:41)
at com.actitime.pom.TaskListPage.getNewCustomerOption(TaskListPage.java:41)
at com.actitime.pom.TaskListPage.getNewCustomerOption(TaskListPage.java:41)
at com.actitime.pom.TaskListPage.getNewCustomerOption(TaskListPage.java:41)
at com.actitime.pom.TaskListPage.getNewCustomerOption(TaskListPage.java:41)
at com.actitime.pom.TaskListPage.getNewCustomerOption(TaskListPage.java:41)
at com.actitime.pom.TaskListPage.getNewCustomerOption(TaskListPage.java:41)
at com.actitime.pom.TaskListPage.getNewCustomerOption(TaskListPage.java:41)
at com.actitime.pom.TaskListPage.getNewCustomerOption(TaskListPage.java:41)
at com.actitime.pom.TaskListPage.getNewCustomerOption(TaskListPage.java:41)
at com.actitime.pom.TaskListPage.getNewCustomerOption(TaskListPage.java:41)
at com.actitime.pom.TaskListPage.getNewCustomerOption(TaskListPage.java:41)
at com.actitime.pom.TaskListPage.getNewCustomerOption(TaskListPage.java:41)
at com.actitime.pom.TaskListPage.getNewCustomerOption(TaskListPage.java:41)
at com.actitime.pom.TaskListPage.getNewCustomerOption(TaskListPage.java:41)
at com.actitime.pom.TaskListPage.getNewCustomerOption(TaskListPage.java:41)
at com.actitime.pom.TaskListPage.getNewCustomerOption(TaskListPage.java:41)
at com.actitime.pom.TaskListPage.getNewCustomerOption(TaskListPage.java:41)
at com.actitime.pom.TaskListPage.getNewCustomerOption(TaskListPage.java:41)
at com.actitime.pom.TaskListPage.getNewCustomerOption(TaskListPage.java:41)
at com.actitime.pom.TaskListPage.getNewCustomerOption(TaskListPage.java:41)
at com.actitime.pom.TaskListPage.getNewCustomerOption(TaskListPage.java:41)
at com.actitime.pom.TaskListPage.getNewCustomerOption(TaskListPage.java:41)
at com.actitime.pom.TaskListPage.getNewCustomerOption(TaskListPage.java:41)
at com.actitime.pom.TaskListPage.getNewCustomerOption(TaskListPage.java:41)
at com.actitime.pom.TaskListPage.getNewCustomerOption(TaskListPage.java:41)
at com.actitime.pom.TaskListPage.getNewCustomerOption(TaskListPage.java:41)
at com.actitime.pom.TaskListPage.getNewCustomerOption(TaskListPage.java:41)
at com.actitime.pom.TaskListPage.getNewCustomerOption(TaskListPage.java:41)
at com.actitime.pom.TaskListPage.getNewCustomerOption(TaskListPage.java:41)
at com.actitime.pom.TaskListPage.getNewCustomerOption(TaskListPage.java:41)
at com.actitime.pom.TaskListPage.getNewCustomerOption(TaskListPage.java:41)
at com.actitime.pom.TaskListPage.getNewCustomerOption(TaskListPage.java:41)
at com.actitime.pom.TaskListPage.getNewCustomerOption(TaskListPage.java:41)
at com.actitime.pom.TaskListPage.getNewCustomerOption(TaskListPage.java:41)
at com.actitime.pom.TaskListPage.getNewCustomerOption(TaskListPage.java:41)
at com.actitime.pom.TaskListPage.getNewCustomerOption(TaskListPage.java:41)
]]>
            </full-stacktrace>
          </exception> <!-- java.lang.StackOverflowError -->
          <reporter-output>
            <line>
              <![CDATA[Sheet1]]>
            </line>
          </reporter-output>
        </test-method> <!-- testCreateCustomer -->
        <test-method is-config="true" signature="logout()[pri:0, instance:com.actitime.testscript.CustomerModule@62150f9e]" started-at="2023-12-30T20:40:27 IST" name="logout" finished-at="2023-12-30T20:40:27 IST" duration-ms="170" status="PASS">
          <reporter-output>
            <line>
              <![CDATA[logout]]>
            </line>
          </reporter-output>
        </test-method> <!-- logout -->
        <test-method is-config="true" signature="closeBrowser()[pri:0, instance:com.actitime.testscript.CustomerModule@62150f9e]" started-at="2023-12-30T20:40:27 IST" name="closeBrowser" finished-at="2023-12-30T20:40:29 IST" duration-ms="2470" status="PASS">
          <reporter-output>
            <line>
              <![CDATA[closeBrowser]]>
            </line>
          </reporter-output>
        </test-method> <!-- closeBrowser -->
      </class> <!-- com.actitime.testscript.CustomerModule -->
    </test> <!-- Default test -->
  </suite> <!-- Default suite -->
</testng-results>
